<?xml version="1.0" encoding="UTF-8"?>
<!-- Generated by org.testng.reporters.JUnitXMLReporter -->
<testsuite ignored="0" hostname="AMIT_PC" failures="56" tests="112" name="Test" time="666.914" errors="0" timestamp="2024-11-10T22:55:39 IST">
  <testcase classname="tests.user.PutTests" name="PutUserTestMethod1" time="8.429">
    <failure type="java.lang.AssertionError" message="Assertion 1">
      <![CDATA[java.lang.AssertionError: Assertion 1
at org.hamcrest.MatcherAssert.assertThat(MatcherAssert.java:26)
at tests.user.PutTests.PutUserTestMethod1(PutTests.java:57)
at java.base/java.util.ArrayList.forEach(ArrayList.java:1597)
... Removed 25 stack frames]]>
    </failure>
  </testcase> <!-- PutUserTestMethod1 -->
  <testcase classname="tests.user.PutTests" name="PutUserTestMethod1" time="3.229">
    <failure type="java.lang.AssertionError" message="Assertion 1">
      <![CDATA[java.lang.AssertionError: Assertion 1
at org.hamcrest.MatcherAssert.assertThat(MatcherAssert.java:26)
at tests.user.PutTests.PutUserTestMethod1(PutTests.java:57)
at java.base/java.util.ArrayList.forEach(ArrayList.java:1597)
... Removed 25 stack frames]]>
    </failure>
  </testcase> <!-- PutUserTestMethod1 -->
  <testcase classname="tests.user.PutTests" name="PutUserTestMethod1" time="3.618">
    <failure type="java.lang.AssertionError" message="Assertion 1">
      <![CDATA[java.lang.AssertionError: Assertion 1
at org.hamcrest.MatcherAssert.assertThat(MatcherAssert.java:26)
at tests.user.PutTests.PutUserTestMethod1(PutTests.java:57)
at java.base/java.util.ArrayList.forEach(ArrayList.java:1597)
... Removed 25 stack frames]]>
    </failure>
  </testcase> <!-- PutUserTestMethod1 -->
  <testcase classname="tests.user.PutTests" name="PutUserTestMethod1" time="5.821">
    <failure type="java.lang.AssertionError" message="Assertion 1">
      <![CDATA[java.lang.AssertionError: Assertion 1
at org.hamcrest.MatcherAssert.assertThat(MatcherAssert.java:26)
at tests.user.PutTests.PutUserTestMethod1(PutTests.java:57)
at java.base/java.util.ArrayList.forEach(ArrayList.java:1597)
... Removed 25 stack frames]]>
    </failure>
  </testcase> <!-- PutUserTestMethod1 -->
  <testcase classname="tests.user.PutTests" name="PutUserTestMethod2" time="4.369">
    <failure type="java.lang.AssertionError" message="
Expected: is &amp;lt;200&amp;gt;
     but: was &amp;lt;404&amp;gt;">
      <![CDATA[java.lang.AssertionError: 
Expected: is <200>
     but: was <404>
at org.hamcrest.MatcherAssert.assertThat(MatcherAssert.java:20)
at org.hamcrest.MatcherAssert.assertThat(MatcherAssert.java:6)
at tests.user.PutTests.PutUserTestMethod2(PutTests.java:84)
at java.base/java.util.ArrayList.forEach(ArrayList.java:1597)
... Removed 25 stack frames]]>
    </failure>
  </testcase> <!-- PutUserTestMethod2 -->
  <testcase classname="tests.user.PutTests" name="PutUserTestMethod2" time="4.068">
    <failure type="java.lang.AssertionError" message="
Expected: is &amp;lt;200&amp;gt;
     but: was &amp;lt;404&amp;gt;">
      <![CDATA[java.lang.AssertionError: 
Expected: is <200>
     but: was <404>
at org.hamcrest.MatcherAssert.assertThat(MatcherAssert.java:20)
at org.hamcrest.MatcherAssert.assertThat(MatcherAssert.java:6)
at tests.user.PutTests.PutUserTestMethod2(PutTests.java:84)
at java.base/java.util.ArrayList.forEach(ArrayList.java:1597)
... Removed 25 stack frames]]>
    </failure>
  </testcase> <!-- PutUserTestMethod2 -->
  <testcase classname="tests.user.PutTests" name="PutUserTestMethod2" time="3.243">
    <failure type="java.lang.AssertionError" message="
Expected: is &amp;lt;200&amp;gt;
     but: was &amp;lt;404&amp;gt;">
      <![CDATA[java.lang.AssertionError: 
Expected: is <200>
     but: was <404>
at org.hamcrest.MatcherAssert.assertThat(MatcherAssert.java:20)
at org.hamcrest.MatcherAssert.assertThat(MatcherAssert.java:6)
at tests.user.PutTests.PutUserTestMethod2(PutTests.java:84)
at java.base/java.util.ArrayList.forEach(ArrayList.java:1597)
... Removed 25 stack frames]]>
    </failure>
  </testcase> <!-- PutUserTestMethod2 -->
  <testcase classname="tests.user.PutTests" name="PutUserTestMethod2" time="6.349">
    <failure type="java.lang.AssertionError" message="
Expected: is &amp;lt;200&amp;gt;
     but: was &amp;lt;404&amp;gt;">
      <![CDATA[java.lang.AssertionError: 
Expected: is <200>
     but: was <404>
at org.hamcrest.MatcherAssert.assertThat(MatcherAssert.java:20)
at org.hamcrest.MatcherAssert.assertThat(MatcherAssert.java:6)
at tests.user.PutTests.PutUserTestMethod2(PutTests.java:84)
at java.base/java.util.ArrayList.forEach(ArrayList.java:1597)
... Removed 25 stack frames]]>
    </failure>
  </testcase> <!-- PutUserTestMethod2 -->
  <testcase classname="tests.user.PutTests" name="PutUserTestMethod3" time="5.592"/>
  <testcase classname="tests.user.PutTests" name="PutUserTestMethod3" time="4.49"/>
  <testcase classname="tests.user.PutTests" name="PutUserTestMethod3" time="6.647"/>
  <testcase classname="tests.user.PutTests" name="PutUserTestMethod3" time="3.592"/>
  <testcase classname="tests.user.PutTests" name="PutUserTestMethod4" time="3.353"/>
  <testcase classname="tests.user.PutTests" name="PutUserTestMethod4" time="4.37"/>
  <testcase classname="tests.user.PutTests" name="PutUserTestMethod4" time="3.966"/>
  <testcase classname="tests.user.PutTests" name="PutUserTestMethod4" time="4.153"/>
  <testcase classname="tests.user.PutTests" name="PutUserTestMethod5" time="5.077">
    <failure type="java.lang.IllegalArgumentException" message="Schema to use cannot be null">
      <![CDATA[java.lang.IllegalArgumentException: Schema to use cannot be null
at io.restassured.module.jsv.JsonSchemaValidator.validateSchemaIsNotNull(JsonSchemaValidator.java:270)
at io.restassured.module.jsv.JsonSchemaValidator.access$300(JsonSchemaValidator.java:75)
at io.restassured.module.jsv.JsonSchemaValidator$JsonSchemaValidatorFactory.create(JsonSchemaValidator.java:281)
at io.restassured.module.jsv.JsonSchemaValidator.matchesJsonSchema(JsonSchemaValidator.java:166)
at io.restassured.module.jsv.JsonSchemaValidator.matchesJsonSchemaInClasspath(JsonSchemaValidator.java:117)
at tests.user.PutTests.PutUserTestMethod5(PutTests.java:178)
at java.base/java.util.ArrayList.forEach(ArrayList.java:1597)
... Removed 25 stack frames]]>
    </failure>
  </testcase> <!-- PutUserTestMethod5 -->
  <testcase classname="tests.user.PutTests" name="PutUserTestMethod5" time="5.559">
    <failure type="java.lang.IllegalArgumentException" message="Schema to use cannot be null">
      <![CDATA[java.lang.IllegalArgumentException: Schema to use cannot be null
at io.restassured.module.jsv.JsonSchemaValidator.validateSchemaIsNotNull(JsonSchemaValidator.java:270)
at io.restassured.module.jsv.JsonSchemaValidator.access$300(JsonSchemaValidator.java:75)
at io.restassured.module.jsv.JsonSchemaValidator$JsonSchemaValidatorFactory.create(JsonSchemaValidator.java:281)
at io.restassured.module.jsv.JsonSchemaValidator.matchesJsonSchema(JsonSchemaValidator.java:166)
at io.restassured.module.jsv.JsonSchemaValidator.matchesJsonSchemaInClasspath(JsonSchemaValidator.java:117)
at tests.user.PutTests.PutUserTestMethod5(PutTests.java:178)
at java.base/java.util.ArrayList.forEach(ArrayList.java:1597)
... Removed 25 stack frames]]>
    </failure>
  </testcase> <!-- PutUserTestMethod5 -->
  <testcase classname="tests.user.PutTests" name="PutUserTestMethod5" time="5.29">
    <failure type="java.lang.IllegalArgumentException" message="Schema to use cannot be null">
      <![CDATA[java.lang.IllegalArgumentException: Schema to use cannot be null
at io.restassured.module.jsv.JsonSchemaValidator.validateSchemaIsNotNull(JsonSchemaValidator.java:270)
at io.restassured.module.jsv.JsonSchemaValidator.access$300(JsonSchemaValidator.java:75)
at io.restassured.module.jsv.JsonSchemaValidator$JsonSchemaValidatorFactory.create(JsonSchemaValidator.java:281)
at io.restassured.module.jsv.JsonSchemaValidator.matchesJsonSchema(JsonSchemaValidator.java:166)
at io.restassured.module.jsv.JsonSchemaValidator.matchesJsonSchemaInClasspath(JsonSchemaValidator.java:117)
at tests.user.PutTests.PutUserTestMethod5(PutTests.java:178)
at java.base/java.util.ArrayList.forEach(ArrayList.java:1597)
... Removed 25 stack frames]]>
    </failure>
  </testcase> <!-- PutUserTestMethod5 -->
  <testcase classname="tests.user.PutTests" name="PutUserTestMethod5" time="4.059">
    <failure type="java.lang.IllegalArgumentException" message="Schema to use cannot be null">
      <![CDATA[java.lang.IllegalArgumentException: Schema to use cannot be null
at io.restassured.module.jsv.JsonSchemaValidator.validateSchemaIsNotNull(JsonSchemaValidator.java:270)
at io.restassured.module.jsv.JsonSchemaValidator.access$300(JsonSchemaValidator.java:75)
at io.restassured.module.jsv.JsonSchemaValidator$JsonSchemaValidatorFactory.create(JsonSchemaValidator.java:281)
at io.restassured.module.jsv.JsonSchemaValidator.matchesJsonSchema(JsonSchemaValidator.java:166)
at io.restassured.module.jsv.JsonSchemaValidator.matchesJsonSchemaInClasspath(JsonSchemaValidator.java:117)
at tests.user.PutTests.PutUserTestMethod5(PutTests.java:178)
at java.base/java.util.ArrayList.forEach(ArrayList.java:1597)
... Removed 25 stack frames]]>
    </failure>
  </testcase> <!-- PutUserTestMethod5 -->
  <testcase classname="tests.user.PutTests" name="PutUserTestMethod6" time="4.804">
    <failure type="java.lang.AssertionError" message="
Expected: is &amp;lt;200&amp;gt;
     but: was &amp;lt;404&amp;gt;">
      <![CDATA[java.lang.AssertionError: 
Expected: is <200>
     but: was <404>
at org.hamcrest.MatcherAssert.assertThat(MatcherAssert.java:20)
at org.hamcrest.MatcherAssert.assertThat(MatcherAssert.java:6)
at tests.user.PutTests.PutUserTestMethod6(PutTests.java:208)
at java.base/java.util.ArrayList.forEach(ArrayList.java:1597)
... Removed 25 stack frames]]>
    </failure>
  </testcase> <!-- PutUserTestMethod6 -->
  <testcase classname="tests.user.PutTests" name="PutUserTestMethod6" time="3.663">
    <failure type="java.lang.AssertionError" message="
Expected: is &amp;lt;200&amp;gt;
     but: was &amp;lt;404&amp;gt;">
      <![CDATA[java.lang.AssertionError: 
Expected: is <200>
     but: was <404>
at org.hamcrest.MatcherAssert.assertThat(MatcherAssert.java:20)
at org.hamcrest.MatcherAssert.assertThat(MatcherAssert.java:6)
at tests.user.PutTests.PutUserTestMethod6(PutTests.java:208)
at java.base/java.util.ArrayList.forEach(ArrayList.java:1597)
... Removed 25 stack frames]]>
    </failure>
  </testcase> <!-- PutUserTestMethod6 -->
  <testcase classname="tests.user.PutTests" name="PutUserTestMethod6" time="6.447">
    <failure type="java.lang.AssertionError" message="
Expected: is &amp;lt;200&amp;gt;
     but: was &amp;lt;404&amp;gt;">
      <![CDATA[java.lang.AssertionError: 
Expected: is <200>
     but: was <404>
at org.hamcrest.MatcherAssert.assertThat(MatcherAssert.java:20)
at org.hamcrest.MatcherAssert.assertThat(MatcherAssert.java:6)
at tests.user.PutTests.PutUserTestMethod6(PutTests.java:208)
at java.base/java.util.ArrayList.forEach(ArrayList.java:1597)
... Removed 25 stack frames]]>
    </failure>
  </testcase> <!-- PutUserTestMethod6 -->
  <testcase classname="tests.user.PutTests" name="PutUserTestMethod6" time="5.298">
    <failure type="java.lang.AssertionError" message="
Expected: is &amp;lt;200&amp;gt;
     but: was &amp;lt;404&amp;gt;">
      <![CDATA[java.lang.AssertionError: 
Expected: is <200>
     but: was <404>
at org.hamcrest.MatcherAssert.assertThat(MatcherAssert.java:20)
at org.hamcrest.MatcherAssert.assertThat(MatcherAssert.java:6)
at tests.user.PutTests.PutUserTestMethod6(PutTests.java:208)
at java.base/java.util.ArrayList.forEach(ArrayList.java:1597)
... Removed 25 stack frames]]>
    </failure>
  </testcase> <!-- PutUserTestMethod6 -->
  <testcase classname="tests.user.PutTests" name="PutUserTestMethod7" time="6.016"/>
  <testcase classname="tests.user.PutTests" name="PutUserTestMethod7" time="5.583"/>
  <testcase classname="tests.user.PutTests" name="PutUserTestMethod7" time="6.176"/>
  <testcase classname="tests.user.PutTests" name="PutUserTestMethod7" time="4.698"/>
  <testcase classname="tests.user.GetTests" name="GetUserTestMethod1" time="8.913">
    <failure type="java.lang.AssertionError" message="Assertion 1">
      <![CDATA[java.lang.AssertionError: Assertion 1
at org.hamcrest.MatcherAssert.assertThat(MatcherAssert.java:26)
at tests.user.GetTests.GetUserTestMethod1(GetTests.java:52)
at java.base/java.util.ArrayList.forEach(ArrayList.java:1597)
... Removed 25 stack frames]]>
    </failure>
  </testcase> <!-- GetUserTestMethod1 -->
  <testcase classname="tests.user.GetTests" name="GetUserTestMethod1" time="6.19">
    <failure type="java.lang.AssertionError" message="Assertion 1">
      <![CDATA[java.lang.AssertionError: Assertion 1
at org.hamcrest.MatcherAssert.assertThat(MatcherAssert.java:26)
at tests.user.GetTests.GetUserTestMethod1(GetTests.java:52)
at java.base/java.util.ArrayList.forEach(ArrayList.java:1597)
... Removed 25 stack frames]]>
    </failure>
  </testcase> <!-- GetUserTestMethod1 -->
  <testcase classname="tests.user.GetTests" name="GetUserTestMethod1" time="5.404">
    <failure type="java.lang.AssertionError" message="Assertion 1">
      <![CDATA[java.lang.AssertionError: Assertion 1
at org.hamcrest.MatcherAssert.assertThat(MatcherAssert.java:26)
at tests.user.GetTests.GetUserTestMethod1(GetTests.java:52)
at java.base/java.util.ArrayList.forEach(ArrayList.java:1597)
... Removed 25 stack frames]]>
    </failure>
  </testcase> <!-- GetUserTestMethod1 -->
  <testcase classname="tests.user.GetTests" name="GetUserTestMethod1" time="6.664">
    <failure type="java.lang.AssertionError" message="Assertion 1">
      <![CDATA[java.lang.AssertionError: Assertion 1
at org.hamcrest.MatcherAssert.assertThat(MatcherAssert.java:26)
at tests.user.GetTests.GetUserTestMethod1(GetTests.java:52)
at java.base/java.util.ArrayList.forEach(ArrayList.java:1597)
... Removed 25 stack frames]]>
    </failure>
  </testcase> <!-- GetUserTestMethod1 -->
  <testcase classname="tests.user.GetTests" name="GetUserTestMethod2" time="6.72">
    <failure type="java.lang.AssertionError" message="
Expected: is &amp;lt;200&amp;gt;
     but: was &amp;lt;404&amp;gt;">
      <![CDATA[java.lang.AssertionError: 
Expected: is <200>
     but: was <404>
at org.hamcrest.MatcherAssert.assertThat(MatcherAssert.java:20)
at org.hamcrest.MatcherAssert.assertThat(MatcherAssert.java:6)
at tests.user.GetTests.GetUserTestMethod2(GetTests.java:73)
at java.base/java.util.ArrayList.forEach(ArrayList.java:1597)
... Removed 25 stack frames]]>
    </failure>
  </testcase> <!-- GetUserTestMethod2 -->
  <testcase classname="tests.user.GetTests" name="GetUserTestMethod2" time="5.692">
    <failure type="java.lang.AssertionError" message="
Expected: is &amp;lt;200&amp;gt;
     but: was &amp;lt;404&amp;gt;">
      <![CDATA[java.lang.AssertionError: 
Expected: is <200>
     but: was <404>
at org.hamcrest.MatcherAssert.assertThat(MatcherAssert.java:20)
at org.hamcrest.MatcherAssert.assertThat(MatcherAssert.java:6)
at tests.user.GetTests.GetUserTestMethod2(GetTests.java:73)
at java.base/java.util.ArrayList.forEach(ArrayList.java:1597)
... Removed 25 stack frames]]>
    </failure>
  </testcase> <!-- GetUserTestMethod2 -->
  <testcase classname="tests.user.GetTests" name="GetUserTestMethod2" time="4.816">
    <failure type="java.lang.AssertionError" message="
Expected: is &amp;lt;200&amp;gt;
     but: was &amp;lt;404&amp;gt;">
      <![CDATA[java.lang.AssertionError: 
Expected: is <200>
     but: was <404>
at org.hamcrest.MatcherAssert.assertThat(MatcherAssert.java:20)
at org.hamcrest.MatcherAssert.assertThat(MatcherAssert.java:6)
at tests.user.GetTests.GetUserTestMethod2(GetTests.java:73)
at java.base/java.util.ArrayList.forEach(ArrayList.java:1597)
... Removed 25 stack frames]]>
    </failure>
  </testcase> <!-- GetUserTestMethod2 -->
  <testcase classname="tests.user.GetTests" name="GetUserTestMethod2" time="7.977">
    <failure type="java.lang.AssertionError" message="
Expected: is &amp;lt;200&amp;gt;
     but: was &amp;lt;404&amp;gt;">
      <![CDATA[java.lang.AssertionError: 
Expected: is <200>
     but: was <404>
at org.hamcrest.MatcherAssert.assertThat(MatcherAssert.java:20)
at org.hamcrest.MatcherAssert.assertThat(MatcherAssert.java:6)
at tests.user.GetTests.GetUserTestMethod2(GetTests.java:73)
at java.base/java.util.ArrayList.forEach(ArrayList.java:1597)
... Removed 25 stack frames]]>
    </failure>
  </testcase> <!-- GetUserTestMethod2 -->
  <testcase classname="tests.user.GetTests" name="GetUserTestMethod3" time="8.559"/>
  <testcase classname="tests.user.GetTests" name="GetUserTestMethod3" time="3.962"/>
  <testcase classname="tests.user.GetTests" name="GetUserTestMethod3" time="6.764"/>
  <testcase classname="tests.user.GetTests" name="GetUserTestMethod3" time="7.846"/>
  <testcase classname="tests.user.GetTests" name="GetUserTestMethod4" time="7.388"/>
  <testcase classname="tests.user.GetTests" name="GetUserTestMethod4" time="5.106"/>
  <testcase classname="tests.user.GetTests" name="GetUserTestMethod4" time="7.896"/>
  <testcase classname="tests.user.GetTests" name="GetUserTestMethod4" time="12.791"/>
  <testcase classname="tests.user.GetTests" name="GetUserTestMethod5" time="4.891">
    <failure type="java.lang.IllegalArgumentException" message="Schema to use cannot be null">
      <![CDATA[java.lang.IllegalArgumentException: Schema to use cannot be null
at io.restassured.module.jsv.JsonSchemaValidator.validateSchemaIsNotNull(JsonSchemaValidator.java:270)
at io.restassured.module.jsv.JsonSchemaValidator.access$300(JsonSchemaValidator.java:75)
at io.restassured.module.jsv.JsonSchemaValidator$JsonSchemaValidatorFactory.create(JsonSchemaValidator.java:281)
at io.restassured.module.jsv.JsonSchemaValidator.matchesJsonSchema(JsonSchemaValidator.java:166)
at io.restassured.module.jsv.JsonSchemaValidator.matchesJsonSchemaInClasspath(JsonSchemaValidator.java:117)
at tests.user.GetTests.GetUserTestMethod5(GetTests.java:146)
at java.base/java.util.ArrayList.forEach(ArrayList.java:1597)
... Removed 25 stack frames]]>
    </failure>
  </testcase> <!-- GetUserTestMethod5 -->
  <testcase classname="tests.user.GetTests" name="GetUserTestMethod5" time="8.574">
    <failure type="java.lang.IllegalArgumentException" message="Schema to use cannot be null">
      <![CDATA[java.lang.IllegalArgumentException: Schema to use cannot be null
at io.restassured.module.jsv.JsonSchemaValidator.validateSchemaIsNotNull(JsonSchemaValidator.java:270)
at io.restassured.module.jsv.JsonSchemaValidator.access$300(JsonSchemaValidator.java:75)
at io.restassured.module.jsv.JsonSchemaValidator$JsonSchemaValidatorFactory.create(JsonSchemaValidator.java:281)
at io.restassured.module.jsv.JsonSchemaValidator.matchesJsonSchema(JsonSchemaValidator.java:166)
at io.restassured.module.jsv.JsonSchemaValidator.matchesJsonSchemaInClasspath(JsonSchemaValidator.java:117)
at tests.user.GetTests.GetUserTestMethod5(GetTests.java:146)
at java.base/java.util.ArrayList.forEach(ArrayList.java:1597)
... Removed 25 stack frames]]>
    </failure>
  </testcase> <!-- GetUserTestMethod5 -->
  <testcase classname="tests.user.GetTests" name="GetUserTestMethod5" time="7.094">
    <failure type="java.lang.IllegalArgumentException" message="Schema to use cannot be null">
      <![CDATA[java.lang.IllegalArgumentException: Schema to use cannot be null
at io.restassured.module.jsv.JsonSchemaValidator.validateSchemaIsNotNull(JsonSchemaValidator.java:270)
at io.restassured.module.jsv.JsonSchemaValidator.access$300(JsonSchemaValidator.java:75)
at io.restassured.module.jsv.JsonSchemaValidator$JsonSchemaValidatorFactory.create(JsonSchemaValidator.java:281)
at io.restassured.module.jsv.JsonSchemaValidator.matchesJsonSchema(JsonSchemaValidator.java:166)
at io.restassured.module.jsv.JsonSchemaValidator.matchesJsonSchemaInClasspath(JsonSchemaValidator.java:117)
at tests.user.GetTests.GetUserTestMethod5(GetTests.java:146)
at java.base/java.util.ArrayList.forEach(ArrayList.java:1597)
... Removed 25 stack frames]]>
    </failure>
  </testcase> <!-- GetUserTestMethod5 -->
  <testcase classname="tests.user.GetTests" name="GetUserTestMethod5" time="8.066">
    <failure type="java.lang.IllegalArgumentException" message="Schema to use cannot be null">
      <![CDATA[java.lang.IllegalArgumentException: Schema to use cannot be null
at io.restassured.module.jsv.JsonSchemaValidator.validateSchemaIsNotNull(JsonSchemaValidator.java:270)
at io.restassured.module.jsv.JsonSchemaValidator.access$300(JsonSchemaValidator.java:75)
at io.restassured.module.jsv.JsonSchemaValidator$JsonSchemaValidatorFactory.create(JsonSchemaValidator.java:281)
at io.restassured.module.jsv.JsonSchemaValidator.matchesJsonSchema(JsonSchemaValidator.java:166)
at io.restassured.module.jsv.JsonSchemaValidator.matchesJsonSchemaInClasspath(JsonSchemaValidator.java:117)
at tests.user.GetTests.GetUserTestMethod5(GetTests.java:146)
at java.base/java.util.ArrayList.forEach(ArrayList.java:1597)
... Removed 25 stack frames]]>
    </failure>
  </testcase> <!-- GetUserTestMethod5 -->
  <testcase classname="tests.user.GetTests" name="GetUserTestMethod6" time="10.421">
    <failure type="java.lang.AssertionError" message="
Expected: is &amp;lt;1021&amp;gt;
     but: was null">
      <![CDATA[java.lang.AssertionError: 
Expected: is <1021>
     but: was null
at org.hamcrest.MatcherAssert.assertThat(MatcherAssert.java:20)
at org.hamcrest.MatcherAssert.assertThat(MatcherAssert.java:6)
at tests.user.GetTests.GetUserTestMethod6(GetTests.java:169)
at java.base/java.util.ArrayList.forEach(ArrayList.java:1597)
... Removed 25 stack frames]]>
    </failure>
  </testcase> <!-- GetUserTestMethod6 -->
  <testcase classname="tests.user.GetTests" name="GetUserTestMethod6" time="7.867">
    <failure type="java.lang.AssertionError" message="
Expected: is &amp;lt;1022&amp;gt;
     but: was null">
      <![CDATA[java.lang.AssertionError: 
Expected: is <1022>
     but: was null
at org.hamcrest.MatcherAssert.assertThat(MatcherAssert.java:20)
at org.hamcrest.MatcherAssert.assertThat(MatcherAssert.java:6)
at tests.user.GetTests.GetUserTestMethod6(GetTests.java:169)
at java.base/java.util.ArrayList.forEach(ArrayList.java:1597)
... Removed 25 stack frames]]>
    </failure>
  </testcase> <!-- GetUserTestMethod6 -->
  <testcase classname="tests.user.GetTests" name="GetUserTestMethod6" time="6.659">
    <failure type="java.lang.AssertionError" message="
Expected: is &amp;lt;1023&amp;gt;
     but: was null">
      <![CDATA[java.lang.AssertionError: 
Expected: is <1023>
     but: was null
at org.hamcrest.MatcherAssert.assertThat(MatcherAssert.java:20)
at org.hamcrest.MatcherAssert.assertThat(MatcherAssert.java:6)
at tests.user.GetTests.GetUserTestMethod6(GetTests.java:169)
at java.base/java.util.ArrayList.forEach(ArrayList.java:1597)
... Removed 25 stack frames]]>
    </failure>
  </testcase> <!-- GetUserTestMethod6 -->
  <testcase classname="tests.user.GetTests" name="GetUserTestMethod6" time="8.733">
    <failure type="java.lang.AssertionError" message="
Expected: is &amp;lt;1024&amp;gt;
     but: was null">
      <![CDATA[java.lang.AssertionError: 
Expected: is <1024>
     but: was null
at org.hamcrest.MatcherAssert.assertThat(MatcherAssert.java:20)
at org.hamcrest.MatcherAssert.assertThat(MatcherAssert.java:6)
at tests.user.GetTests.GetUserTestMethod6(GetTests.java:169)
at java.base/java.util.ArrayList.forEach(ArrayList.java:1597)
... Removed 25 stack frames]]>
    </failure>
  </testcase> <!-- GetUserTestMethod6 -->
  <testcase classname="tests.user.GetTests" name="GetUserTestMethod7" time="6.2"/>
  <testcase classname="tests.user.GetTests" name="GetUserTestMethod7" time="7.144"/>
  <testcase classname="tests.user.GetTests" name="GetUserTestMethod7" time="4.428"/>
  <testcase classname="tests.user.GetTests" name="GetUserTestMethod7" time="3.952"/>
  <testcase classname="tests.user.PostTests" name="PostUserTestMethod1" time="4.761"/>
  <testcase classname="tests.user.PostTests" name="PostUserTestMethod1" time="3.064"/>
  <testcase classname="tests.user.PostTests" name="PostUserTestMethod1" time="1.953"/>
  <testcase classname="tests.user.PostTests" name="PostUserTestMethod1" time="1.988"/>
  <testcase classname="tests.user.PostTests" name="PostUserTestMethod2" time="2.715"/>
  <testcase classname="tests.user.PostTests" name="PostUserTestMethod2" time="2.742"/>
  <testcase classname="tests.user.PostTests" name="PostUserTestMethod2" time="5.661"/>
  <testcase classname="tests.user.PostTests" name="PostUserTestMethod2" time="3.032"/>
  <testcase classname="tests.user.PostTests" name="PostUserTestMethod3" time="4.946"/>
  <testcase classname="tests.user.PostTests" name="PostUserTestMethod3" time="3.21"/>
  <testcase classname="tests.user.PostTests" name="PostUserTestMethod3" time="2.791"/>
  <testcase classname="tests.user.PostTests" name="PostUserTestMethod3" time="2.973"/>
  <testcase classname="tests.user.PostTests" name="PostUserTestMethod4" time="2.224"/>
  <testcase classname="tests.user.PostTests" name="PostUserTestMethod4" time="1.408"/>
  <testcase classname="tests.user.PostTests" name="PostUserTestMethod4" time="3.631"/>
  <testcase classname="tests.user.PostTests" name="PostUserTestMethod4" time="1.909"/>
  <testcase classname="tests.user.PostTests" name="PostUserTestMethod5" time="1.816">
    <failure type="java.lang.IllegalArgumentException" message="Schema to use cannot be null">
      <![CDATA[java.lang.IllegalArgumentException: Schema to use cannot be null
at io.restassured.module.jsv.JsonSchemaValidator.validateSchemaIsNotNull(JsonSchemaValidator.java:270)
at io.restassured.module.jsv.JsonSchemaValidator.access$300(JsonSchemaValidator.java:75)
at io.restassured.module.jsv.JsonSchemaValidator$JsonSchemaValidatorFactory.create(JsonSchemaValidator.java:281)
at io.restassured.module.jsv.JsonSchemaValidator.matchesJsonSchema(JsonSchemaValidator.java:166)
at io.restassured.module.jsv.JsonSchemaValidator.matchesJsonSchemaInClasspath(JsonSchemaValidator.java:117)
at tests.user.PostTests.PostUserTestMethod5(PostTests.java:135)
at java.base/java.util.ArrayList.forEach(ArrayList.java:1597)
... Removed 25 stack frames]]>
    </failure>
  </testcase> <!-- PostUserTestMethod5 -->
  <testcase classname="tests.user.PostTests" name="PostUserTestMethod5" time="2.487">
    <failure type="java.lang.IllegalArgumentException" message="Schema to use cannot be null">
      <![CDATA[java.lang.IllegalArgumentException: Schema to use cannot be null
at io.restassured.module.jsv.JsonSchemaValidator.validateSchemaIsNotNull(JsonSchemaValidator.java:270)
at io.restassured.module.jsv.JsonSchemaValidator.access$300(JsonSchemaValidator.java:75)
at io.restassured.module.jsv.JsonSchemaValidator$JsonSchemaValidatorFactory.create(JsonSchemaValidator.java:281)
at io.restassured.module.jsv.JsonSchemaValidator.matchesJsonSchema(JsonSchemaValidator.java:166)
at io.restassured.module.jsv.JsonSchemaValidator.matchesJsonSchemaInClasspath(JsonSchemaValidator.java:117)
at tests.user.PostTests.PostUserTestMethod5(PostTests.java:135)
at java.base/java.util.ArrayList.forEach(ArrayList.java:1597)
... Removed 25 stack frames]]>
    </failure>
  </testcase> <!-- PostUserTestMethod5 -->
  <testcase classname="tests.user.PostTests" name="PostUserTestMethod5" time="2.639">
    <failure type="java.lang.IllegalArgumentException" message="Schema to use cannot be null">
      <![CDATA[java.lang.IllegalArgumentException: Schema to use cannot be null
at io.restassured.module.jsv.JsonSchemaValidator.validateSchemaIsNotNull(JsonSchemaValidator.java:270)
at io.restassured.module.jsv.JsonSchemaValidator.access$300(JsonSchemaValidator.java:75)
at io.restassured.module.jsv.JsonSchemaValidator$JsonSchemaValidatorFactory.create(JsonSchemaValidator.java:281)
at io.restassured.module.jsv.JsonSchemaValidator.matchesJsonSchema(JsonSchemaValidator.java:166)
at io.restassured.module.jsv.JsonSchemaValidator.matchesJsonSchemaInClasspath(JsonSchemaValidator.java:117)
at tests.user.PostTests.PostUserTestMethod5(PostTests.java:135)
at java.base/java.util.ArrayList.forEach(ArrayList.java:1597)
... Removed 25 stack frames]]>
    </failure>
  </testcase> <!-- PostUserTestMethod5 -->
  <testcase classname="tests.user.PostTests" name="PostUserTestMethod5" time="2.601">
    <failure type="java.lang.IllegalArgumentException" message="Schema to use cannot be null">
      <![CDATA[java.lang.IllegalArgumentException: Schema to use cannot be null
at io.restassured.module.jsv.JsonSchemaValidator.validateSchemaIsNotNull(JsonSchemaValidator.java:270)
at io.restassured.module.jsv.JsonSchemaValidator.access$300(JsonSchemaValidator.java:75)
at io.restassured.module.jsv.JsonSchemaValidator$JsonSchemaValidatorFactory.create(JsonSchemaValidator.java:281)
at io.restassured.module.jsv.JsonSchemaValidator.matchesJsonSchema(JsonSchemaValidator.java:166)
at io.restassured.module.jsv.JsonSchemaValidator.matchesJsonSchemaInClasspath(JsonSchemaValidator.java:117)
at tests.user.PostTests.PostUserTestMethod5(PostTests.java:135)
at java.base/java.util.ArrayList.forEach(ArrayList.java:1597)
... Removed 25 stack frames]]>
    </failure>
  </testcase> <!-- PostUserTestMethod5 -->
  <testcase classname="tests.user.PostTests" name="PostUserTestMethod6" time="2.332">
    <failure type="java.lang.AssertionError" message="
Expected: is a value greater than &amp;lt;6&amp;gt;
     but: &amp;lt;4&amp;gt; was less than &amp;lt;6&amp;gt;">
      <![CDATA[java.lang.AssertionError: 
Expected: is a value greater than <6>
     but: <4> was less than <6>
at org.hamcrest.MatcherAssert.assertThat(MatcherAssert.java:20)
at org.hamcrest.MatcherAssert.assertThat(MatcherAssert.java:6)
at tests.user.PostTests.PostUserTestMethod6(PostTests.java:160)
at java.base/java.util.ArrayList.forEach(ArrayList.java:1597)
... Removed 25 stack frames]]>
    </failure>
  </testcase> <!-- PostUserTestMethod6 -->
  <testcase classname="tests.user.PostTests" name="PostUserTestMethod6" time="2.334">
    <failure type="java.lang.AssertionError" message="
Expected: is a value greater than &amp;lt;6&amp;gt;
     but: &amp;lt;4&amp;gt; was less than &amp;lt;6&amp;gt;">
      <![CDATA[java.lang.AssertionError: 
Expected: is a value greater than <6>
     but: <4> was less than <6>
at org.hamcrest.MatcherAssert.assertThat(MatcherAssert.java:20)
at org.hamcrest.MatcherAssert.assertThat(MatcherAssert.java:6)
at tests.user.PostTests.PostUserTestMethod6(PostTests.java:160)
at java.base/java.util.ArrayList.forEach(ArrayList.java:1597)
... Removed 25 stack frames]]>
    </failure>
  </testcase> <!-- PostUserTestMethod6 -->
  <testcase classname="tests.user.PostTests" name="PostUserTestMethod6" time="4.806">
    <failure type="java.lang.AssertionError" message="
Expected: is a value greater than &amp;lt;6&amp;gt;
     but: &amp;lt;4&amp;gt; was less than &amp;lt;6&amp;gt;">
      <![CDATA[java.lang.AssertionError: 
Expected: is a value greater than <6>
     but: <4> was less than <6>
at org.hamcrest.MatcherAssert.assertThat(MatcherAssert.java:20)
at org.hamcrest.MatcherAssert.assertThat(MatcherAssert.java:6)
at tests.user.PostTests.PostUserTestMethod6(PostTests.java:160)
at java.base/java.util.ArrayList.forEach(ArrayList.java:1597)
... Removed 25 stack frames]]>
    </failure>
  </testcase> <!-- PostUserTestMethod6 -->
  <testcase classname="tests.user.PostTests" name="PostUserTestMethod6" time="2.469">
    <failure type="java.lang.AssertionError" message="
Expected: is a value greater than &amp;lt;6&amp;gt;
     but: &amp;lt;4&amp;gt; was less than &amp;lt;6&amp;gt;">
      <![CDATA[java.lang.AssertionError: 
Expected: is a value greater than <6>
     but: <4> was less than <6>
at org.hamcrest.MatcherAssert.assertThat(MatcherAssert.java:20)
at org.hamcrest.MatcherAssert.assertThat(MatcherAssert.java:6)
at tests.user.PostTests.PostUserTestMethod6(PostTests.java:160)
at java.base/java.util.ArrayList.forEach(ArrayList.java:1597)
... Removed 25 stack frames]]>
    </failure>
  </testcase> <!-- PostUserTestMethod6 -->
  <testcase classname="tests.user.PostTests" name="PostUserTestMethod7" time="2.61"/>
  <testcase classname="tests.user.PostTests" name="PostUserTestMethod7" time="3.154"/>
  <testcase classname="tests.user.PostTests" name="PostUserTestMethod7" time="3.452"/>
  <testcase classname="tests.user.PostTests" name="PostUserTestMethod7" time="2.339"/>
  <testcase classname="tests.user.DeleteTests" name="DeleteUserTestMethod1" time="5.298">
    <failure type="java.lang.AssertionError" message="Assertion 1">
      <![CDATA[java.lang.AssertionError: Assertion 1
at org.hamcrest.MatcherAssert.assertThat(MatcherAssert.java:26)
at tests.user.DeleteTests.DeleteUserTestMethod1(DeleteTests.java:49)
at java.base/java.util.ArrayList.forEach(ArrayList.java:1597)
... Removed 25 stack frames]]>
    </failure>
  </testcase> <!-- DeleteUserTestMethod1 -->
  <testcase classname="tests.user.DeleteTests" name="DeleteUserTestMethod1" time="7.39">
    <failure type="java.lang.AssertionError" message="Assertion 1">
      <![CDATA[java.lang.AssertionError: Assertion 1
at org.hamcrest.MatcherAssert.assertThat(MatcherAssert.java:26)
at tests.user.DeleteTests.DeleteUserTestMethod1(DeleteTests.java:49)
at java.base/java.util.ArrayList.forEach(ArrayList.java:1597)
... Removed 25 stack frames]]>
    </failure>
  </testcase> <!-- DeleteUserTestMethod1 -->
  <testcase classname="tests.user.DeleteTests" name="DeleteUserTestMethod1" time="4.173">
    <failure type="java.lang.AssertionError" message="Assertion 1">
      <![CDATA[java.lang.AssertionError: Assertion 1
at org.hamcrest.MatcherAssert.assertThat(MatcherAssert.java:26)
at tests.user.DeleteTests.DeleteUserTestMethod1(DeleteTests.java:49)
at java.base/java.util.ArrayList.forEach(ArrayList.java:1597)
... Removed 25 stack frames]]>
    </failure>
  </testcase> <!-- DeleteUserTestMethod1 -->
  <testcase classname="tests.user.DeleteTests" name="DeleteUserTestMethod1" time="9.882">
    <failure type="java.lang.AssertionError" message="Assertion 1">
      <![CDATA[java.lang.AssertionError: Assertion 1
at org.hamcrest.MatcherAssert.assertThat(MatcherAssert.java:26)
at tests.user.DeleteTests.DeleteUserTestMethod1(DeleteTests.java:49)
at java.base/java.util.ArrayList.forEach(ArrayList.java:1597)
... Removed 25 stack frames]]>
    </failure>
  </testcase> <!-- DeleteUserTestMethod1 -->
  <testcase classname="tests.user.DeleteTests" name="DeleteUserTestMethod2" time="6.141">
    <failure type="java.lang.AssertionError" message="
Expected: is &amp;lt;200&amp;gt;
     but: was &amp;lt;404&amp;gt;">
      <![CDATA[java.lang.AssertionError: 
Expected: is <200>
     but: was <404>
at org.hamcrest.MatcherAssert.assertThat(MatcherAssert.java:20)
at org.hamcrest.MatcherAssert.assertThat(MatcherAssert.java:6)
at tests.user.DeleteTests.DeleteUserTestMethod2(DeleteTests.java:69)
at java.base/java.util.ArrayList.forEach(ArrayList.java:1597)
... Removed 25 stack frames]]>
    </failure>
  </testcase> <!-- DeleteUserTestMethod2 -->
  <testcase classname="tests.user.DeleteTests" name="DeleteUserTestMethod2" time="8.75">
    <failure type="java.lang.AssertionError" message="
Expected: is &amp;lt;200&amp;gt;
     but: was &amp;lt;404&amp;gt;">
      <![CDATA[java.lang.AssertionError: 
Expected: is <200>
     but: was <404>
at org.hamcrest.MatcherAssert.assertThat(MatcherAssert.java:20)
at org.hamcrest.MatcherAssert.assertThat(MatcherAssert.java:6)
at tests.user.DeleteTests.DeleteUserTestMethod2(DeleteTests.java:69)
at java.base/java.util.ArrayList.forEach(ArrayList.java:1597)
... Removed 25 stack frames]]>
    </failure>
  </testcase> <!-- DeleteUserTestMethod2 -->
  <testcase classname="tests.user.DeleteTests" name="DeleteUserTestMethod2" time="6.677">
    <failure type="java.lang.AssertionError" message="
Expected: is &amp;lt;200&amp;gt;
     but: was &amp;lt;404&amp;gt;">
      <![CDATA[java.lang.AssertionError: 
Expected: is <200>
     but: was <404>
at org.hamcrest.MatcherAssert.assertThat(MatcherAssert.java:20)
at org.hamcrest.MatcherAssert.assertThat(MatcherAssert.java:6)
at tests.user.DeleteTests.DeleteUserTestMethod2(DeleteTests.java:69)
at java.base/java.util.ArrayList.forEach(ArrayList.java:1597)
... Removed 25 stack frames]]>
    </failure>
  </testcase> <!-- DeleteUserTestMethod2 -->
  <testcase classname="tests.user.DeleteTests" name="DeleteUserTestMethod2" time="6.03">
    <failure type="java.lang.AssertionError" message="
Expected: is &amp;lt;200&amp;gt;
     but: was &amp;lt;404&amp;gt;">
      <![CDATA[java.lang.AssertionError: 
Expected: is <200>
     but: was <404>
at org.hamcrest.MatcherAssert.assertThat(MatcherAssert.java:20)
at org.hamcrest.MatcherAssert.assertThat(MatcherAssert.java:6)
at tests.user.DeleteTests.DeleteUserTestMethod2(DeleteTests.java:69)
at java.base/java.util.ArrayList.forEach(ArrayList.java:1597)
... Removed 25 stack frames]]>
    </failure>
  </testcase> <!-- DeleteUserTestMethod2 -->
  <testcase classname="tests.user.DeleteTests" name="DeleteUserTestMethod3" time="4.628"/>
  <testcase classname="tests.user.DeleteTests" name="DeleteUserTestMethod3" time="9.349"/>
  <testcase classname="tests.user.DeleteTests" name="DeleteUserTestMethod3" time="10.473"/>
  <testcase classname="tests.user.DeleteTests" name="DeleteUserTestMethod3" time="7.516"/>
  <testcase classname="tests.user.DeleteTests" name="DeleteUserTestMethod4" time="8.555"/>
  <testcase classname="tests.user.DeleteTests" name="DeleteUserTestMethod4" time="6.614"/>
  <testcase classname="tests.user.DeleteTests" name="DeleteUserTestMethod4" time="6.022"/>
  <testcase classname="tests.user.DeleteTests" name="DeleteUserTestMethod4" time="4.851"/>
  <testcase classname="tests.user.DeleteTests" name="DeleteUserTestMethod5" time="7.633">
    <failure type="java.lang.IllegalArgumentException" message="Schema to use cannot be null">
      <![CDATA[java.lang.IllegalArgumentException: Schema to use cannot be null
at io.restassured.module.jsv.JsonSchemaValidator.validateSchemaIsNotNull(JsonSchemaValidator.java:270)
at io.restassured.module.jsv.JsonSchemaValidator.access$300(JsonSchemaValidator.java:75)
at io.restassured.module.jsv.JsonSchemaValidator$JsonSchemaValidatorFactory.create(JsonSchemaValidator.java:281)
at io.restassured.module.jsv.JsonSchemaValidator.matchesJsonSchema(JsonSchemaValidator.java:166)
at io.restassured.module.jsv.JsonSchemaValidator.matchesJsonSchemaInClasspath(JsonSchemaValidator.java:117)
at tests.user.DeleteTests.DeleteUserTestMethod5(DeleteTests.java:140)
at java.base/java.util.ArrayList.forEach(ArrayList.java:1597)
... Removed 25 stack frames]]>
    </failure>
  </testcase> <!-- DeleteUserTestMethod5 -->
  <testcase classname="tests.user.DeleteTests" name="DeleteUserTestMethod5" time="4.317">
    <failure type="java.lang.IllegalArgumentException" message="Schema to use cannot be null">
      <![CDATA[java.lang.IllegalArgumentException: Schema to use cannot be null
at io.restassured.module.jsv.JsonSchemaValidator.validateSchemaIsNotNull(JsonSchemaValidator.java:270)
at io.restassured.module.jsv.JsonSchemaValidator.access$300(JsonSchemaValidator.java:75)
at io.restassured.module.jsv.JsonSchemaValidator$JsonSchemaValidatorFactory.create(JsonSchemaValidator.java:281)
at io.restassured.module.jsv.JsonSchemaValidator.matchesJsonSchema(JsonSchemaValidator.java:166)
at io.restassured.module.jsv.JsonSchemaValidator.matchesJsonSchemaInClasspath(JsonSchemaValidator.java:117)
at tests.user.DeleteTests.DeleteUserTestMethod5(DeleteTests.java:140)
at java.base/java.util.ArrayList.forEach(ArrayList.java:1597)
... Removed 25 stack frames]]>
    </failure>
  </testcase> <!-- DeleteUserTestMethod5 -->
  <testcase classname="tests.user.DeleteTests" name="DeleteUserTestMethod5" time="7.134">
    <failure type="java.lang.IllegalArgumentException" message="Schema to use cannot be null">
      <![CDATA[java.lang.IllegalArgumentException: Schema to use cannot be null
at io.restassured.module.jsv.JsonSchemaValidator.validateSchemaIsNotNull(JsonSchemaValidator.java:270)
at io.restassured.module.jsv.JsonSchemaValidator.access$300(JsonSchemaValidator.java:75)
at io.restassured.module.jsv.JsonSchemaValidator$JsonSchemaValidatorFactory.create(JsonSchemaValidator.java:281)
at io.restassured.module.jsv.JsonSchemaValidator.matchesJsonSchema(JsonSchemaValidator.java:166)
at io.restassured.module.jsv.JsonSchemaValidator.matchesJsonSchemaInClasspath(JsonSchemaValidator.java:117)
at tests.user.DeleteTests.DeleteUserTestMethod5(DeleteTests.java:140)
at java.base/java.util.ArrayList.forEach(ArrayList.java:1597)
... Removed 25 stack frames]]>
    </failure>
  </testcase> <!-- DeleteUserTestMethod5 -->
  <testcase classname="tests.user.DeleteTests" name="DeleteUserTestMethod5" time="11.317">
    <failure type="java.lang.IllegalArgumentException" message="Schema to use cannot be null">
      <![CDATA[java.lang.IllegalArgumentException: Schema to use cannot be null
at io.restassured.module.jsv.JsonSchemaValidator.validateSchemaIsNotNull(JsonSchemaValidator.java:270)
at io.restassured.module.jsv.JsonSchemaValidator.access$300(JsonSchemaValidator.java:75)
at io.restassured.module.jsv.JsonSchemaValidator$JsonSchemaValidatorFactory.create(JsonSchemaValidator.java:281)
at io.restassured.module.jsv.JsonSchemaValidator.matchesJsonSchema(JsonSchemaValidator.java:166)
at io.restassured.module.jsv.JsonSchemaValidator.matchesJsonSchemaInClasspath(JsonSchemaValidator.java:117)
at tests.user.DeleteTests.DeleteUserTestMethod5(DeleteTests.java:140)
at java.base/java.util.ArrayList.forEach(ArrayList.java:1597)
... Removed 25 stack frames]]>
    </failure>
  </testcase> <!-- DeleteUserTestMethod5 -->
  <testcase classname="tests.user.DeleteTests" name="DeleteUserTestMethod6" time="6.107">
    <failure type="java.lang.AssertionError" message="
Expected: is &amp;lt;200&amp;gt;
     but: was &amp;lt;404&amp;gt;">
      <![CDATA[java.lang.AssertionError: 
Expected: is <200>
     but: was <404>
at org.hamcrest.MatcherAssert.assertThat(MatcherAssert.java:20)
at org.hamcrest.MatcherAssert.assertThat(MatcherAssert.java:6)
at tests.user.DeleteTests.DeleteUserTestMethod6(DeleteTests.java:162)
at java.base/java.util.ArrayList.forEach(ArrayList.java:1597)
... Removed 25 stack frames]]>
    </failure>
  </testcase> <!-- DeleteUserTestMethod6 -->
  <testcase classname="tests.user.DeleteTests" name="DeleteUserTestMethod6" time="33.404">
    <failure type="java.lang.AssertionError" message="
Expected: is &amp;lt;200&amp;gt;
     but: was &amp;lt;404&amp;gt;">
      <![CDATA[java.lang.AssertionError: 
Expected: is <200>
     but: was <404>
at org.hamcrest.MatcherAssert.assertThat(MatcherAssert.java:20)
at org.hamcrest.MatcherAssert.assertThat(MatcherAssert.java:6)
at tests.user.DeleteTests.DeleteUserTestMethod6(DeleteTests.java:162)
at java.base/java.util.ArrayList.forEach(ArrayList.java:1597)
... Removed 25 stack frames]]>
    </failure>
  </testcase> <!-- DeleteUserTestMethod6 -->
  <testcase classname="tests.user.DeleteTests" name="DeleteUserTestMethod6" time="8.253">
    <failure type="java.lang.AssertionError" message="
Expected: is &amp;lt;200&amp;gt;
     but: was &amp;lt;404&amp;gt;">
      <![CDATA[java.lang.AssertionError: 
Expected: is <200>
     but: was <404>
at org.hamcrest.MatcherAssert.assertThat(MatcherAssert.java:20)
at org.hamcrest.MatcherAssert.assertThat(MatcherAssert.java:6)
at tests.user.DeleteTests.DeleteUserTestMethod6(DeleteTests.java:162)
at java.base/java.util.ArrayList.forEach(ArrayList.java:1597)
... Removed 25 stack frames]]>
    </failure>
  </testcase> <!-- DeleteUserTestMethod6 -->
  <testcase classname="tests.user.DeleteTests" name="DeleteUserTestMethod6" time="16.633">
    <failure type="java.lang.AssertionError" message="
Expected: is &amp;lt;200&amp;gt;
     but: was &amp;lt;404&amp;gt;">
      <![CDATA[java.lang.AssertionError: 
Expected: is <200>
     but: was <404>
at org.hamcrest.MatcherAssert.assertThat(MatcherAssert.java:20)
at org.hamcrest.MatcherAssert.assertThat(MatcherAssert.java:6)
at tests.user.DeleteTests.DeleteUserTestMethod6(DeleteTests.java:162)
at java.base/java.util.ArrayList.forEach(ArrayList.java:1597)
... Removed 25 stack frames]]>
    </failure>
  </testcase> <!-- DeleteUserTestMethod6 -->
  <testcase classname="tests.user.DeleteTests" name="DeleteUserTestMethod7" time="5.043"/>
  <testcase classname="tests.user.DeleteTests" name="DeleteUserTestMethod7" time="5.894"/>
  <testcase classname="tests.user.DeleteTests" name="DeleteUserTestMethod7" time="10.661"/>
  <testcase classname="tests.user.DeleteTests" name="DeleteUserTestMethod7" time="5.933"/>
</testsuite> <!-- Test -->
