<!DOCTYPE html PUBLIC "-//W3C//DTD XHTML 1.1//EN" "https://www.w3.org/TR/xhtml11/DTD/xhtml11.dtd">
<html xmlns="https://www.w3.org/1999/xhtml">
<head>
<meta http-equiv="content-type" content="text/html; charset=UTF-8"/>
<title>TestNG Report</title>
<style type="text/css">table {margin-bottom:10px;border-collapse:collapse;empty-cells:show}th,td {border:1px solid #009;padding:.25em .5em}th {vertical-align:bottom}td {vertical-align:top}table a {font-weight:bold}.stripe td {background-color: #E6EBF9}.num {text-align:right}.passedodd td {background-color: #3F3}.passedeven td {background-color: #0A0}.skippedodd td {background-color: #DDD}.skippedeven td {background-color: #CCC}.failedodd td,.attn {background-color: #F33}.failedeven td,.stripe .attn {background-color: #D00}.stacktrace {white-space:pre;font-family:monospace}.totop {font-size:85%;text-align:center;border-bottom:2px solid #000}.invisible {display:none}</style>
</head>
<body>
<table>
<tr><th>Test</th><th># Passed</th><th># Skipped</th><th># Retried</th><th># Failed</th><th>Time (ms)</th><th>Included Groups</th><th>Excluded Groups</th></tr>
<tr><th colspan="8">Suite</th></tr>
<tr><td><a href="#t0">Test</a></td><td class="num">56</td><td class="num">0</td><td class="num">0</td><td class="num attn">56</td><td class="num">666,914</td><td></td><td></td></tr>
</table>
<table id='summary'><thead><tr><th>Class</th><th>Method</th><th>Start</th><th>Time (ms)</th></tr></thead><tbody><tr><th colspan="4">Suite</th></tr></tbody><tbody id="t0"><tr><th colspan="4">Test &#8212; failed</th></tr><tr class="failedeven"><td rowspan="16">tests.user.DeleteTests</td><td><a href="#m0">DeleteUserTestMethod1</a></td><td rowspan="4">1731259313991</td><td rowspan="4">4173</td></tr><tr class="failedeven"><td><a href="#m1">DeleteUserTestMethod1</a></td></tr><tr class="failedeven"><td><a href="#m2">DeleteUserTestMethod1</a></td></tr><tr class="failedeven"><td><a href="#m3">DeleteUserTestMethod1</a></td></tr><tr class="failedeven"><td><a href="#m4">DeleteUserTestMethod2</a></td><td rowspan="4">1731259350115</td><td rowspan="4">6030</td></tr><tr class="failedeven"><td><a href="#m5">DeleteUserTestMethod2</a></td></tr><tr class="failedeven"><td><a href="#m6">DeleteUserTestMethod2</a></td></tr><tr class="failedeven"><td><a href="#m7">DeleteUserTestMethod2</a></td></tr><tr class="failedeven"><td><a href="#m8">DeleteUserTestMethod5</a></td><td rowspan="4">1731259434754</td><td rowspan="4">11317</td></tr><tr class="failedeven"><td><a href="#m9">DeleteUserTestMethod5</a></td></tr><tr class="failedeven"><td><a href="#m10">DeleteUserTestMethod5</a></td></tr><tr class="failedeven"><td><a href="#m11">DeleteUserTestMethod5</a></td></tr><tr class="failedeven"><td><a href="#m12">DeleteUserTestMethod6</a></td><td rowspan="4">1731259486048</td><td rowspan="4">8253</td></tr><tr class="failedeven"><td><a href="#m13">DeleteUserTestMethod6</a></td></tr><tr class="failedeven"><td><a href="#m14">DeleteUserTestMethod6</a></td></tr><tr class="failedeven"><td><a href="#m15">DeleteUserTestMethod6</a></td></tr><tr class="failedodd"><td rowspan="16">tests.user.GetTests</td><td><a href="#m16">GetUserTestMethod1</a></td><td rowspan="4">1731259031913</td><td rowspan="4">5404</td></tr><tr class="failedodd"><td><a href="#m17">GetUserTestMethod1</a></td></tr><tr class="failedodd"><td><a href="#m18">GetUserTestMethod1</a></td></tr><tr class="failedodd"><td><a href="#m19">GetUserTestMethod1</a></td></tr><tr class="failedodd"><td><a href="#m20">GetUserTestMethod2</a></td><td rowspan="4">1731259051150</td><td rowspan="4">5692</td></tr><tr class="failedodd"><td><a href="#m21">GetUserTestMethod2</a></td></tr><tr class="failedodd"><td><a href="#m22">GetUserTestMethod2</a></td></tr><tr class="failedodd"><td><a href="#m23">GetUserTestMethod2</a></td></tr><tr class="failedodd"><td><a href="#m24">GetUserTestMethod5</a></td><td rowspan="4">1731259151665</td><td rowspan="4">8066</td></tr><tr class="failedodd"><td><a href="#m25">GetUserTestMethod5</a></td></tr><tr class="failedodd"><td><a href="#m26">GetUserTestMethod5</a></td></tr><tr class="failedodd"><td><a href="#m27">GetUserTestMethod5</a></td></tr><tr class="failedodd"><td><a href="#m28">GetUserTestMethod6</a></td><td rowspan="4">1731259160105</td><td rowspan="4">10421</td></tr><tr class="failedodd"><td><a href="#m29">GetUserTestMethod6</a></td></tr><tr class="failedodd"><td><a href="#m30">GetUserTestMethod6</a></td></tr><tr class="failedodd"><td><a href="#m31">GetUserTestMethod6</a></td></tr><tr class="failedeven"><td rowspan="8">tests.user.PostTests</td><td><a href="#m32">PostUserTestMethod5</a></td><td rowspan="4">1731259271504</td><td rowspan="4">2639</td></tr><tr class="failedeven"><td><a href="#m33">PostUserTestMethod5</a></td></tr><tr class="failedeven"><td><a href="#m34">PostUserTestMethod5</a></td></tr><tr class="failedeven"><td><a href="#m35">PostUserTestMethod5</a></td></tr><tr class="failedeven"><td><a href="#m36">PostUserTestMethod6</a></td><td rowspan="4">1731259277121</td><td rowspan="4">2332</td></tr><tr class="failedeven"><td><a href="#m37">PostUserTestMethod6</a></td></tr><tr class="failedeven"><td><a href="#m38">PostUserTestMethod6</a></td></tr><tr class="failedeven"><td><a href="#m39">PostUserTestMethod6</a></td></tr><tr class="failedodd"><td rowspan="16">tests.user.PutTests</td><td><a href="#m40">PutUserTestMethod1</a></td><td rowspan="4">1731258886392</td><td rowspan="4">3618</td></tr><tr class="failedodd"><td><a href="#m41">PutUserTestMethod1</a></td></tr><tr class="failedodd"><td><a href="#m42">PutUserTestMethod1</a></td></tr><tr class="failedodd"><td><a href="#m43">PutUserTestMethod1</a></td></tr><tr class="failedodd"><td><a href="#m44">PutUserTestMethod2</a></td><td rowspan="4">1731258896973</td><td rowspan="4">4369</td></tr><tr class="failedodd"><td><a href="#m45">PutUserTestMethod2</a></td></tr><tr class="failedodd"><td><a href="#m46">PutUserTestMethod2</a></td></tr><tr class="failedodd"><td><a href="#m47">PutUserTestMethod2</a></td></tr><tr class="failedodd"><td><a href="#m48">PutUserTestMethod5</a></td><td rowspan="4">1731258952740</td><td rowspan="4">5077</td></tr><tr class="failedodd"><td><a href="#m49">PutUserTestMethod5</a></td></tr><tr class="failedodd"><td><a href="#m50">PutUserTestMethod5</a></td></tr><tr class="failedodd"><td><a href="#m51">PutUserTestMethod5</a></td></tr><tr class="failedodd"><td><a href="#m52">PutUserTestMethod6</a></td><td rowspan="4">1731258981683</td><td rowspan="4">6447</td></tr><tr class="failedodd"><td><a href="#m53">PutUserTestMethod6</a></td></tr><tr class="failedodd"><td><a href="#m54">PutUserTestMethod6</a></td></tr><tr class="failedodd"><td><a href="#m55">PutUserTestMethod6</a></td></tr><tr><th colspan="4">Test &#8212; passed</th></tr><tr class="passedeven"><td rowspan="12">tests.user.DeleteTests</td><td><a href="#m56">DeleteUserTestMethod3</a></td><td rowspan="4">1731259361283</td><td rowspan="4">9349</td></tr><tr class="passedeven"><td><a href="#m57">DeleteUserTestMethod3</a></td></tr><tr class="passedeven"><td><a href="#m58">DeleteUserTestMethod3</a></td></tr><tr class="passedeven"><td><a href="#m59">DeleteUserTestMethod3</a></td></tr><tr class="passedeven"><td><a href="#m60">DeleteUserTestMethod4</a></td><td rowspan="4">1731259397640</td><td rowspan="4">6614</td></tr><tr class="passedeven"><td><a href="#m61">DeleteUserTestMethod4</a></td></tr><tr class="passedeven"><td><a href="#m62">DeleteUserTestMethod4</a></td></tr><tr class="passedeven"><td><a href="#m63">DeleteUserTestMethod4</a></td></tr><tr class="passedeven"><td><a href="#m64">DeleteUserTestMethod7</a></td><td rowspan="4">1731259511239</td><td rowspan="4">5043</td></tr><tr class="passedeven"><td><a href="#m65">DeleteUserTestMethod7</a></td></tr><tr class="passedeven"><td><a href="#m66">DeleteUserTestMethod7</a></td></tr><tr class="passedeven"><td><a href="#m67">DeleteUserTestMethod7</a></td></tr><tr class="passedodd"><td rowspan="12">tests.user.GetTests</td><td><a href="#m68">GetUserTestMethod3</a></td><td rowspan="4">1731259089294</td><td rowspan="4">7846</td></tr><tr class="passedodd"><td><a href="#m69">GetUserTestMethod3</a></td></tr><tr class="passedodd"><td><a href="#m70">GetUserTestMethod3</a></td></tr><tr class="passedodd"><td><a href="#m71">GetUserTestMethod3</a></td></tr><tr class="passedodd"><td><a href="#m72">GetUserTestMethod4</a></td><td rowspan="4">1731259104964</td><td rowspan="4">5106</td></tr><tr class="passedodd"><td><a href="#m73">GetUserTestMethod4</a></td></tr><tr class="passedodd"><td><a href="#m74">GetUserTestMethod4</a></td></tr><tr class="passedodd"><td><a href="#m75">GetUserTestMethod4</a></td></tr><tr class="passedodd"><td><a href="#m76">GetUserTestMethod7</a></td><td rowspan="4">1731259194100</td><td rowspan="4">6200</td></tr><tr class="passedodd"><td><a href="#m77">GetUserTestMethod7</a></td></tr><tr class="passedodd"><td><a href="#m78">GetUserTestMethod7</a></td></tr><tr class="passedodd"><td><a href="#m79">GetUserTestMethod7</a></td></tr><tr class="passedeven"><td rowspan="20">tests.user.PostTests</td><td><a href="#m80">PostUserTestMethod1</a></td><td rowspan="4">1731259221130</td><td rowspan="4">3064</td></tr><tr class="passedeven"><td><a href="#m81">PostUserTestMethod1</a></td></tr><tr class="passedeven"><td><a href="#m82">PostUserTestMethod1</a></td></tr><tr class="passedeven"><td><a href="#m83">PostUserTestMethod1</a></td></tr><tr class="passedeven"><td><a href="#m84">PostUserTestMethod2</a></td><td rowspan="4">1731259228683</td><td rowspan="4">2715</td></tr><tr class="passedeven"><td><a href="#m85">PostUserTestMethod2</a></td></tr><tr class="passedeven"><td><a href="#m86">PostUserTestMethod2</a></td></tr><tr class="passedeven"><td><a href="#m87">PostUserTestMethod2</a></td></tr><tr class="passedeven"><td><a href="#m88">PostUserTestMethod3</a></td><td rowspan="4">1731259251593</td><td rowspan="4">2791</td></tr><tr class="passedeven"><td><a href="#m89">PostUserTestMethod3</a></td></tr><tr class="passedeven"><td><a href="#m90">PostUserTestMethod3</a></td></tr><tr class="passedeven"><td><a href="#m91">PostUserTestMethod3</a></td></tr><tr class="passedeven"><td><a href="#m92">PostUserTestMethod4</a></td><td rowspan="4">1731259259898</td><td rowspan="4">1408</td></tr><tr class="passedeven"><td><a href="#m93">PostUserTestMethod4</a></td></tr><tr class="passedeven"><td><a href="#m94">PostUserTestMethod4</a></td></tr><tr class="passedeven"><td><a href="#m95">PostUserTestMethod4</a></td></tr><tr class="passedeven"><td><a href="#m96">PostUserTestMethod7</a></td><td rowspan="4">1731259298640</td><td rowspan="4">2339</td></tr><tr class="passedeven"><td><a href="#m97">PostUserTestMethod7</a></td></tr><tr class="passedeven"><td><a href="#m98">PostUserTestMethod7</a></td></tr><tr class="passedeven"><td><a href="#m99">PostUserTestMethod7</a></td></tr><tr class="passedodd"><td rowspan="12">tests.user.PutTests</td><td><a href="#m100">PutUserTestMethod3</a></td><td rowspan="4">1731258925653</td><td rowspan="4">6647</td></tr><tr class="passedodd"><td><a href="#m101">PutUserTestMethod3</a></td></tr><tr class="passedodd"><td><a href="#m102">PutUserTestMethod3</a></td></tr><tr class="passedodd"><td><a href="#m103">PutUserTestMethod3</a></td></tr><tr class="passedodd"><td><a href="#m104">PutUserTestMethod4</a></td><td rowspan="4">1731258939770</td><td rowspan="4">4370</td></tr><tr class="passedodd"><td><a href="#m105">PutUserTestMethod4</a></td></tr><tr class="passedodd"><td><a href="#m106">PutUserTestMethod4</a></td></tr><tr class="passedodd"><td><a href="#m107">PutUserTestMethod4</a></td></tr><tr class="passedodd"><td><a href="#m108">PutUserTestMethod7</a></td><td rowspan="4">1731258999885</td><td rowspan="4">5583</td></tr><tr class="passedodd"><td><a href="#m109">PutUserTestMethod7</a></td></tr><tr class="passedodd"><td><a href="#m110">PutUserTestMethod7</a></td></tr><tr class="passedodd"><td><a href="#m111">PutUserTestMethod7</a></td></tr></tbody>
</table>
<h2>Test</h2><h3 id="m0">tests.user.DeleteTests#DeleteUserTestMethod1</h3><table class="result"><tr class="param"><th>Parameter #1</th><th>Parameter #2</th><th>Parameter #3</th><th>Parameter #4</th><th>Parameter #5</th><th>Parameter #6</th><th>Parameter #7</th><th>Parameter #8</th></tr><tr class="param stripe"><td>1023</td><td>testuser3</td><td>test3</td><td>user3</td><td>test3.user3@gmail.com</td><td>user1Pass3</td><td>2211554468</td><td>0</td></tr><tr><th colspan="8">Exception</th></tr><tr><td colspan="8"><div class="stacktrace">java.lang.AssertionError: Assertion 1
	at org.hamcrest.MatcherAssert.assertThat(MatcherAssert.java:26)
	at tests.user.DeleteTests.DeleteUserTestMethod1(DeleteTests.java:49)
	at java.base/java.util.ArrayList.forEach(ArrayList.java:1597)
... Removed 25 stack frames</div></td></tr></table><p class="totop"><a href="#summary">back to summary</a></p>
<h3 id="m1">tests.user.DeleteTests#DeleteUserTestMethod1</h3><table class="result"><tr class="param"><th>Parameter #1</th><th>Parameter #2</th><th>Parameter #3</th><th>Parameter #4</th><th>Parameter #5</th><th>Parameter #6</th><th>Parameter #7</th><th>Parameter #8</th></tr><tr class="param stripe"><td>1022</td><td>testuser2</td><td>test2</td><td>user2</td><td>test2.user2@gmail.com</td><td>user1Pass2</td><td>2211554467</td><td>1</td></tr><tr><th colspan="8">Exception</th></tr><tr><td colspan="8"><div class="stacktrace">java.lang.AssertionError: Assertion 1
	at org.hamcrest.MatcherAssert.assertThat(MatcherAssert.java:26)
	at tests.user.DeleteTests.DeleteUserTestMethod1(DeleteTests.java:49)
	at java.base/java.util.ArrayList.forEach(ArrayList.java:1597)
... Removed 25 stack frames</div></td></tr></table><p class="totop"><a href="#summary">back to summary</a></p>
<h3 id="m2">tests.user.DeleteTests#DeleteUserTestMethod1</h3><table class="result"><tr class="param"><th>Parameter #1</th><th>Parameter #2</th><th>Parameter #3</th><th>Parameter #4</th><th>Parameter #5</th><th>Parameter #6</th><th>Parameter #7</th><th>Parameter #8</th></tr><tr class="param stripe"><td>1021</td><td>testuser1</td><td>test1</td><td>user1</td><td>test1.user1@gmail.com</td><td>user1Pass1</td><td>2211554466</td><td>0</td></tr><tr><th colspan="8">Exception</th></tr><tr><td colspan="8"><div class="stacktrace">java.lang.AssertionError: Assertion 1
	at org.hamcrest.MatcherAssert.assertThat(MatcherAssert.java:26)
	at tests.user.DeleteTests.DeleteUserTestMethod1(DeleteTests.java:49)
	at java.base/java.util.ArrayList.forEach(ArrayList.java:1597)
... Removed 25 stack frames</div></td></tr></table><p class="totop"><a href="#summary">back to summary</a></p>
<h3 id="m3">tests.user.DeleteTests#DeleteUserTestMethod1</h3><table class="result"><tr class="param"><th>Parameter #1</th><th>Parameter #2</th><th>Parameter #3</th><th>Parameter #4</th><th>Parameter #5</th><th>Parameter #6</th><th>Parameter #7</th><th>Parameter #8</th></tr><tr class="param stripe"><td>1024</td><td>testuser4</td><td>test4</td><td>user4</td><td>test4.user4@gmail.com</td><td>user1Pass4</td><td>2211554469</td><td>1</td></tr><tr><th colspan="8">Exception</th></tr><tr><td colspan="8"><div class="stacktrace">java.lang.AssertionError: Assertion 1
	at org.hamcrest.MatcherAssert.assertThat(MatcherAssert.java:26)
	at tests.user.DeleteTests.DeleteUserTestMethod1(DeleteTests.java:49)
	at java.base/java.util.ArrayList.forEach(ArrayList.java:1597)
... Removed 25 stack frames</div></td></tr></table><p class="totop"><a href="#summary">back to summary</a></p>
<h3 id="m4">tests.user.DeleteTests#DeleteUserTestMethod2</h3><table class="result"><tr class="param"><th>Parameter #1</th><th>Parameter #2</th><th>Parameter #3</th><th>Parameter #4</th><th>Parameter #5</th><th>Parameter #6</th><th>Parameter #7</th><th>Parameter #8</th></tr><tr class="param stripe"><td>1024</td><td>testuser4</td><td>test4</td><td>user4</td><td>test4.user4@gmail.com</td><td>user1Pass4</td><td>2211554469</td><td>1</td></tr><tr><th colspan="8">Exception</th></tr><tr><td colspan="8"><div class="stacktrace">java.lang.AssertionError: 
Expected: is &lt;200&gt;
     but: was &lt;404&gt;
	at org.hamcrest.MatcherAssert.assertThat(MatcherAssert.java:20)
	at org.hamcrest.MatcherAssert.assertThat(MatcherAssert.java:6)
	at tests.user.DeleteTests.DeleteUserTestMethod2(DeleteTests.java:69)
	at java.base/java.util.ArrayList.forEach(ArrayList.java:1597)
... Removed 25 stack frames</div></td></tr></table><p class="totop"><a href="#summary">back to summary</a></p>
<h3 id="m5">tests.user.DeleteTests#DeleteUserTestMethod2</h3><table class="result"><tr class="param"><th>Parameter #1</th><th>Parameter #2</th><th>Parameter #3</th><th>Parameter #4</th><th>Parameter #5</th><th>Parameter #6</th><th>Parameter #7</th><th>Parameter #8</th></tr><tr class="param stripe"><td>1023</td><td>testuser3</td><td>test3</td><td>user3</td><td>test3.user3@gmail.com</td><td>user1Pass3</td><td>2211554468</td><td>0</td></tr><tr><th colspan="8">Exception</th></tr><tr><td colspan="8"><div class="stacktrace">java.lang.AssertionError: 
Expected: is &lt;200&gt;
     but: was &lt;404&gt;
	at org.hamcrest.MatcherAssert.assertThat(MatcherAssert.java:20)
	at org.hamcrest.MatcherAssert.assertThat(MatcherAssert.java:6)
	at tests.user.DeleteTests.DeleteUserTestMethod2(DeleteTests.java:69)
	at java.base/java.util.ArrayList.forEach(ArrayList.java:1597)
... Removed 25 stack frames</div></td></tr></table><p class="totop"><a href="#summary">back to summary</a></p>
<h3 id="m6">tests.user.DeleteTests#DeleteUserTestMethod2</h3><table class="result"><tr class="param"><th>Parameter #1</th><th>Parameter #2</th><th>Parameter #3</th><th>Parameter #4</th><th>Parameter #5</th><th>Parameter #6</th><th>Parameter #7</th><th>Parameter #8</th></tr><tr class="param stripe"><td>1022</td><td>testuser2</td><td>test2</td><td>user2</td><td>test2.user2@gmail.com</td><td>user1Pass2</td><td>2211554467</td><td>1</td></tr><tr><th colspan="8">Exception</th></tr><tr><td colspan="8"><div class="stacktrace">java.lang.AssertionError: 
Expected: is &lt;200&gt;
     but: was &lt;404&gt;
	at org.hamcrest.MatcherAssert.assertThat(MatcherAssert.java:20)
	at org.hamcrest.MatcherAssert.assertThat(MatcherAssert.java:6)
	at tests.user.DeleteTests.DeleteUserTestMethod2(DeleteTests.java:69)
	at java.base/java.util.ArrayList.forEach(ArrayList.java:1597)
... Removed 25 stack frames</div></td></tr></table><p class="totop"><a href="#summary">back to summary</a></p>
<h3 id="m7">tests.user.DeleteTests#DeleteUserTestMethod2</h3><table class="result"><tr class="param"><th>Parameter #1</th><th>Parameter #2</th><th>Parameter #3</th><th>Parameter #4</th><th>Parameter #5</th><th>Parameter #6</th><th>Parameter #7</th><th>Parameter #8</th></tr><tr class="param stripe"><td>1021</td><td>testuser1</td><td>test1</td><td>user1</td><td>test1.user1@gmail.com</td><td>user1Pass1</td><td>2211554466</td><td>0</td></tr><tr><th colspan="8">Exception</th></tr><tr><td colspan="8"><div class="stacktrace">java.lang.AssertionError: 
Expected: is &lt;200&gt;
     but: was &lt;404&gt;
	at org.hamcrest.MatcherAssert.assertThat(MatcherAssert.java:20)
	at org.hamcrest.MatcherAssert.assertThat(MatcherAssert.java:6)
	at tests.user.DeleteTests.DeleteUserTestMethod2(DeleteTests.java:69)
	at java.base/java.util.ArrayList.forEach(ArrayList.java:1597)
... Removed 25 stack frames</div></td></tr></table><p class="totop"><a href="#summary">back to summary</a></p>
<h3 id="m8">tests.user.DeleteTests#DeleteUserTestMethod5</h3><table class="result"><tr class="param"><th>Parameter #1</th><th>Parameter #2</th><th>Parameter #3</th><th>Parameter #4</th><th>Parameter #5</th><th>Parameter #6</th><th>Parameter #7</th><th>Parameter #8</th></tr><tr class="param stripe"><td>1024</td><td>testuser4</td><td>test4</td><td>user4</td><td>test4.user4@gmail.com</td><td>user1Pass4</td><td>2211554469</td><td>1</td></tr><tr><th colspan="8">Exception</th></tr><tr><td colspan="8"><div class="stacktrace">java.lang.IllegalArgumentException: Schema to use cannot be null
	at io.restassured.module.jsv.JsonSchemaValidator.validateSchemaIsNotNull(JsonSchemaValidator.java:270)
	at io.restassured.module.jsv.JsonSchemaValidator.access$300(JsonSchemaValidator.java:75)
	at io.restassured.module.jsv.JsonSchemaValidator$JsonSchemaValidatorFactory.create(JsonSchemaValidator.java:281)
	at io.restassured.module.jsv.JsonSchemaValidator.matchesJsonSchema(JsonSchemaValidator.java:166)
	at io.restassured.module.jsv.JsonSchemaValidator.matchesJsonSchemaInClasspath(JsonSchemaValidator.java:117)
	at tests.user.DeleteTests.DeleteUserTestMethod5(DeleteTests.java:140)
	at java.base/java.util.ArrayList.forEach(ArrayList.java:1597)
... Removed 25 stack frames</div></td></tr></table><p class="totop"><a href="#summary">back to summary</a></p>
<h3 id="m9">tests.user.DeleteTests#DeleteUserTestMethod5</h3><table class="result"><tr class="param"><th>Parameter #1</th><th>Parameter #2</th><th>Parameter #3</th><th>Parameter #4</th><th>Parameter #5</th><th>Parameter #6</th><th>Parameter #7</th><th>Parameter #8</th></tr><tr class="param stripe"><td>1022</td><td>testuser2</td><td>test2</td><td>user2</td><td>test2.user2@gmail.com</td><td>user1Pass2</td><td>2211554467</td><td>1</td></tr><tr><th colspan="8">Exception</th></tr><tr><td colspan="8"><div class="stacktrace">java.lang.IllegalArgumentException: Schema to use cannot be null
	at io.restassured.module.jsv.JsonSchemaValidator.validateSchemaIsNotNull(JsonSchemaValidator.java:270)
	at io.restassured.module.jsv.JsonSchemaValidator.access$300(JsonSchemaValidator.java:75)
	at io.restassured.module.jsv.JsonSchemaValidator$JsonSchemaValidatorFactory.create(JsonSchemaValidator.java:281)
	at io.restassured.module.jsv.JsonSchemaValidator.matchesJsonSchema(JsonSchemaValidator.java:166)
	at io.restassured.module.jsv.JsonSchemaValidator.matchesJsonSchemaInClasspath(JsonSchemaValidator.java:117)
	at tests.user.DeleteTests.DeleteUserTestMethod5(DeleteTests.java:140)
	at java.base/java.util.ArrayList.forEach(ArrayList.java:1597)
... Removed 25 stack frames</div></td></tr></table><p class="totop"><a href="#summary">back to summary</a></p>
<h3 id="m10">tests.user.DeleteTests#DeleteUserTestMethod5</h3><table class="result"><tr class="param"><th>Parameter #1</th><th>Parameter #2</th><th>Parameter #3</th><th>Parameter #4</th><th>Parameter #5</th><th>Parameter #6</th><th>Parameter #7</th><th>Parameter #8</th></tr><tr class="param stripe"><td>1021</td><td>testuser1</td><td>test1</td><td>user1</td><td>test1.user1@gmail.com</td><td>user1Pass1</td><td>2211554466</td><td>0</td></tr><tr><th colspan="8">Exception</th></tr><tr><td colspan="8"><div class="stacktrace">java.lang.IllegalArgumentException: Schema to use cannot be null
	at io.restassured.module.jsv.JsonSchemaValidator.validateSchemaIsNotNull(JsonSchemaValidator.java:270)
	at io.restassured.module.jsv.JsonSchemaValidator.access$300(JsonSchemaValidator.java:75)
	at io.restassured.module.jsv.JsonSchemaValidator$JsonSchemaValidatorFactory.create(JsonSchemaValidator.java:281)
	at io.restassured.module.jsv.JsonSchemaValidator.matchesJsonSchema(JsonSchemaValidator.java:166)
	at io.restassured.module.jsv.JsonSchemaValidator.matchesJsonSchemaInClasspath(JsonSchemaValidator.java:117)
	at tests.user.DeleteTests.DeleteUserTestMethod5(DeleteTests.java:140)
	at java.base/java.util.ArrayList.forEach(ArrayList.java:1597)
... Removed 25 stack frames</div></td></tr></table><p class="totop"><a href="#summary">back to summary</a></p>
<h3 id="m11">tests.user.DeleteTests#DeleteUserTestMethod5</h3><table class="result"><tr class="param"><th>Parameter #1</th><th>Parameter #2</th><th>Parameter #3</th><th>Parameter #4</th><th>Parameter #5</th><th>Parameter #6</th><th>Parameter #7</th><th>Parameter #8</th></tr><tr class="param stripe"><td>1023</td><td>testuser3</td><td>test3</td><td>user3</td><td>test3.user3@gmail.com</td><td>user1Pass3</td><td>2211554468</td><td>0</td></tr><tr><th colspan="8">Exception</th></tr><tr><td colspan="8"><div class="stacktrace">java.lang.IllegalArgumentException: Schema to use cannot be null
	at io.restassured.module.jsv.JsonSchemaValidator.validateSchemaIsNotNull(JsonSchemaValidator.java:270)
	at io.restassured.module.jsv.JsonSchemaValidator.access$300(JsonSchemaValidator.java:75)
	at io.restassured.module.jsv.JsonSchemaValidator$JsonSchemaValidatorFactory.create(JsonSchemaValidator.java:281)
	at io.restassured.module.jsv.JsonSchemaValidator.matchesJsonSchema(JsonSchemaValidator.java:166)
	at io.restassured.module.jsv.JsonSchemaValidator.matchesJsonSchemaInClasspath(JsonSchemaValidator.java:117)
	at tests.user.DeleteTests.DeleteUserTestMethod5(DeleteTests.java:140)
	at java.base/java.util.ArrayList.forEach(ArrayList.java:1597)
... Removed 25 stack frames</div></td></tr></table><p class="totop"><a href="#summary">back to summary</a></p>
<h3 id="m12">tests.user.DeleteTests#DeleteUserTestMethod6</h3><table class="result"><tr class="param"><th>Parameter #1</th><th>Parameter #2</th><th>Parameter #3</th><th>Parameter #4</th><th>Parameter #5</th><th>Parameter #6</th><th>Parameter #7</th><th>Parameter #8</th></tr><tr class="param stripe"><td>1023</td><td>testuser3</td><td>test3</td><td>user3</td><td>test3.user3@gmail.com</td><td>user1Pass3</td><td>2211554468</td><td>0</td></tr><tr><th colspan="8">Exception</th></tr><tr><td colspan="8"><div class="stacktrace">java.lang.AssertionError: 
Expected: is &lt;200&gt;
     but: was &lt;404&gt;
	at org.hamcrest.MatcherAssert.assertThat(MatcherAssert.java:20)
	at org.hamcrest.MatcherAssert.assertThat(MatcherAssert.java:6)
	at tests.user.DeleteTests.DeleteUserTestMethod6(DeleteTests.java:162)
	at java.base/java.util.ArrayList.forEach(ArrayList.java:1597)
... Removed 25 stack frames</div></td></tr></table><p class="totop"><a href="#summary">back to summary</a></p>
<h3 id="m13">tests.user.DeleteTests#DeleteUserTestMethod6</h3><table class="result"><tr class="param"><th>Parameter #1</th><th>Parameter #2</th><th>Parameter #3</th><th>Parameter #4</th><th>Parameter #5</th><th>Parameter #6</th><th>Parameter #7</th><th>Parameter #8</th></tr><tr class="param stripe"><td>1024</td><td>testuser4</td><td>test4</td><td>user4</td><td>test4.user4@gmail.com</td><td>user1Pass4</td><td>2211554469</td><td>1</td></tr><tr><th colspan="8">Exception</th></tr><tr><td colspan="8"><div class="stacktrace">java.lang.AssertionError: 
Expected: is &lt;200&gt;
     but: was &lt;404&gt;
	at org.hamcrest.MatcherAssert.assertThat(MatcherAssert.java:20)
	at org.hamcrest.MatcherAssert.assertThat(MatcherAssert.java:6)
	at tests.user.DeleteTests.DeleteUserTestMethod6(DeleteTests.java:162)
	at java.base/java.util.ArrayList.forEach(ArrayList.java:1597)
... Removed 25 stack frames</div></td></tr></table><p class="totop"><a href="#summary">back to summary</a></p>
<h3 id="m14">tests.user.DeleteTests#DeleteUserTestMethod6</h3><table class="result"><tr class="param"><th>Parameter #1</th><th>Parameter #2</th><th>Parameter #3</th><th>Parameter #4</th><th>Parameter #5</th><th>Parameter #6</th><th>Parameter #7</th><th>Parameter #8</th></tr><tr class="param stripe"><td>1021</td><td>testuser1</td><td>test1</td><td>user1</td><td>test1.user1@gmail.com</td><td>user1Pass1</td><td>2211554466</td><td>0</td></tr><tr><th colspan="8">Exception</th></tr><tr><td colspan="8"><div class="stacktrace">java.lang.AssertionError: 
Expected: is &lt;200&gt;
     but: was &lt;404&gt;
	at org.hamcrest.MatcherAssert.assertThat(MatcherAssert.java:20)
	at org.hamcrest.MatcherAssert.assertThat(MatcherAssert.java:6)
	at tests.user.DeleteTests.DeleteUserTestMethod6(DeleteTests.java:162)
	at java.base/java.util.ArrayList.forEach(ArrayList.java:1597)
... Removed 25 stack frames</div></td></tr></table><p class="totop"><a href="#summary">back to summary</a></p>
<h3 id="m15">tests.user.DeleteTests#DeleteUserTestMethod6</h3><table class="result"><tr class="param"><th>Parameter #1</th><th>Parameter #2</th><th>Parameter #3</th><th>Parameter #4</th><th>Parameter #5</th><th>Parameter #6</th><th>Parameter #7</th><th>Parameter #8</th></tr><tr class="param stripe"><td>1022</td><td>testuser2</td><td>test2</td><td>user2</td><td>test2.user2@gmail.com</td><td>user1Pass2</td><td>2211554467</td><td>1</td></tr><tr><th colspan="8">Exception</th></tr><tr><td colspan="8"><div class="stacktrace">java.lang.AssertionError: 
Expected: is &lt;200&gt;
     but: was &lt;404&gt;
	at org.hamcrest.MatcherAssert.assertThat(MatcherAssert.java:20)
	at org.hamcrest.MatcherAssert.assertThat(MatcherAssert.java:6)
	at tests.user.DeleteTests.DeleteUserTestMethod6(DeleteTests.java:162)
	at java.base/java.util.ArrayList.forEach(ArrayList.java:1597)
... Removed 25 stack frames</div></td></tr></table><p class="totop"><a href="#summary">back to summary</a></p>
<h3 id="m16">tests.user.GetTests#GetUserTestMethod1</h3><table class="result"><tr class="param"><th>Parameter #1</th><th>Parameter #2</th><th>Parameter #3</th><th>Parameter #4</th><th>Parameter #5</th><th>Parameter #6</th><th>Parameter #7</th><th>Parameter #8</th></tr><tr class="param stripe"><td>1023</td><td>testuser3</td><td>test3</td><td>user3</td><td>test3.user3@gmail.com</td><td>user1Pass3</td><td>2211554468</td><td>0</td></tr><tr><th colspan="8">Exception</th></tr><tr><td colspan="8"><div class="stacktrace">java.lang.AssertionError: Assertion 1
	at org.hamcrest.MatcherAssert.assertThat(MatcherAssert.java:26)
	at tests.user.GetTests.GetUserTestMethod1(GetTests.java:52)
	at java.base/java.util.ArrayList.forEach(ArrayList.java:1597)
... Removed 25 stack frames</div></td></tr></table><p class="totop"><a href="#summary">back to summary</a></p>
<h3 id="m17">tests.user.GetTests#GetUserTestMethod1</h3><table class="result"><tr class="param"><th>Parameter #1</th><th>Parameter #2</th><th>Parameter #3</th><th>Parameter #4</th><th>Parameter #5</th><th>Parameter #6</th><th>Parameter #7</th><th>Parameter #8</th></tr><tr class="param stripe"><td>1024</td><td>testuser4</td><td>test4</td><td>user4</td><td>test4.user4@gmail.com</td><td>user1Pass4</td><td>2211554469</td><td>1</td></tr><tr><th colspan="8">Exception</th></tr><tr><td colspan="8"><div class="stacktrace">java.lang.AssertionError: Assertion 1
	at org.hamcrest.MatcherAssert.assertThat(MatcherAssert.java:26)
	at tests.user.GetTests.GetUserTestMethod1(GetTests.java:52)
	at java.base/java.util.ArrayList.forEach(ArrayList.java:1597)
... Removed 25 stack frames</div></td></tr></table><p class="totop"><a href="#summary">back to summary</a></p>
<h3 id="m18">tests.user.GetTests#GetUserTestMethod1</h3><table class="result"><tr class="param"><th>Parameter #1</th><th>Parameter #2</th><th>Parameter #3</th><th>Parameter #4</th><th>Parameter #5</th><th>Parameter #6</th><th>Parameter #7</th><th>Parameter #8</th></tr><tr class="param stripe"><td>1022</td><td>testuser2</td><td>test2</td><td>user2</td><td>test2.user2@gmail.com</td><td>user1Pass2</td><td>2211554467</td><td>1</td></tr><tr><th colspan="8">Exception</th></tr><tr><td colspan="8"><div class="stacktrace">java.lang.AssertionError: Assertion 1
	at org.hamcrest.MatcherAssert.assertThat(MatcherAssert.java:26)
	at tests.user.GetTests.GetUserTestMethod1(GetTests.java:52)
	at java.base/java.util.ArrayList.forEach(ArrayList.java:1597)
... Removed 25 stack frames</div></td></tr></table><p class="totop"><a href="#summary">back to summary</a></p>
<h3 id="m19">tests.user.GetTests#GetUserTestMethod1</h3><table class="result"><tr class="param"><th>Parameter #1</th><th>Parameter #2</th><th>Parameter #3</th><th>Parameter #4</th><th>Parameter #5</th><th>Parameter #6</th><th>Parameter #7</th><th>Parameter #8</th></tr><tr class="param stripe"><td>1021</td><td>testuser1</td><td>test1</td><td>user1</td><td>test1.user1@gmail.com</td><td>user1Pass1</td><td>2211554466</td><td>0</td></tr><tr><th colspan="8">Exception</th></tr><tr><td colspan="8"><div class="stacktrace">java.lang.AssertionError: Assertion 1
	at org.hamcrest.MatcherAssert.assertThat(MatcherAssert.java:26)
	at tests.user.GetTests.GetUserTestMethod1(GetTests.java:52)
	at java.base/java.util.ArrayList.forEach(ArrayList.java:1597)
... Removed 25 stack frames</div></td></tr></table><p class="totop"><a href="#summary">back to summary</a></p>
<h3 id="m20">tests.user.GetTests#GetUserTestMethod2</h3><table class="result"><tr class="param"><th>Parameter #1</th><th>Parameter #2</th><th>Parameter #3</th><th>Parameter #4</th><th>Parameter #5</th><th>Parameter #6</th><th>Parameter #7</th><th>Parameter #8</th></tr><tr class="param stripe"><td>1022</td><td>testuser2</td><td>test2</td><td>user2</td><td>test2.user2@gmail.com</td><td>user1Pass2</td><td>2211554467</td><td>1</td></tr><tr><th colspan="8">Exception</th></tr><tr><td colspan="8"><div class="stacktrace">java.lang.AssertionError: 
Expected: is &lt;200&gt;
     but: was &lt;404&gt;
	at org.hamcrest.MatcherAssert.assertThat(MatcherAssert.java:20)
	at org.hamcrest.MatcherAssert.assertThat(MatcherAssert.java:6)
	at tests.user.GetTests.GetUserTestMethod2(GetTests.java:73)
	at java.base/java.util.ArrayList.forEach(ArrayList.java:1597)
... Removed 25 stack frames</div></td></tr></table><p class="totop"><a href="#summary">back to summary</a></p>
<h3 id="m21">tests.user.GetTests#GetUserTestMethod2</h3><table class="result"><tr class="param"><th>Parameter #1</th><th>Parameter #2</th><th>Parameter #3</th><th>Parameter #4</th><th>Parameter #5</th><th>Parameter #6</th><th>Parameter #7</th><th>Parameter #8</th></tr><tr class="param stripe"><td>1021</td><td>testuser1</td><td>test1</td><td>user1</td><td>test1.user1@gmail.com</td><td>user1Pass1</td><td>2211554466</td><td>0</td></tr><tr><th colspan="8">Exception</th></tr><tr><td colspan="8"><div class="stacktrace">java.lang.AssertionError: 
Expected: is &lt;200&gt;
     but: was &lt;404&gt;
	at org.hamcrest.MatcherAssert.assertThat(MatcherAssert.java:20)
	at org.hamcrest.MatcherAssert.assertThat(MatcherAssert.java:6)
	at tests.user.GetTests.GetUserTestMethod2(GetTests.java:73)
	at java.base/java.util.ArrayList.forEach(ArrayList.java:1597)
... Removed 25 stack frames</div></td></tr></table><p class="totop"><a href="#summary">back to summary</a></p>
<h3 id="m22">tests.user.GetTests#GetUserTestMethod2</h3><table class="result"><tr class="param"><th>Parameter #1</th><th>Parameter #2</th><th>Parameter #3</th><th>Parameter #4</th><th>Parameter #5</th><th>Parameter #6</th><th>Parameter #7</th><th>Parameter #8</th></tr><tr class="param stripe"><td>1024</td><td>testuser4</td><td>test4</td><td>user4</td><td>test4.user4@gmail.com</td><td>user1Pass4</td><td>2211554469</td><td>1</td></tr><tr><th colspan="8">Exception</th></tr><tr><td colspan="8"><div class="stacktrace">java.lang.AssertionError: 
Expected: is &lt;200&gt;
     but: was &lt;404&gt;
	at org.hamcrest.MatcherAssert.assertThat(MatcherAssert.java:20)
	at org.hamcrest.MatcherAssert.assertThat(MatcherAssert.java:6)
	at tests.user.GetTests.GetUserTestMethod2(GetTests.java:73)
	at java.base/java.util.ArrayList.forEach(ArrayList.java:1597)
... Removed 25 stack frames</div></td></tr></table><p class="totop"><a href="#summary">back to summary</a></p>
<h3 id="m23">tests.user.GetTests#GetUserTestMethod2</h3><table class="result"><tr class="param"><th>Parameter #1</th><th>Parameter #2</th><th>Parameter #3</th><th>Parameter #4</th><th>Parameter #5</th><th>Parameter #6</th><th>Parameter #7</th><th>Parameter #8</th></tr><tr class="param stripe"><td>1023</td><td>testuser3</td><td>test3</td><td>user3</td><td>test3.user3@gmail.com</td><td>user1Pass3</td><td>2211554468</td><td>0</td></tr><tr><th colspan="8">Exception</th></tr><tr><td colspan="8"><div class="stacktrace">java.lang.AssertionError: 
Expected: is &lt;200&gt;
     but: was &lt;404&gt;
	at org.hamcrest.MatcherAssert.assertThat(MatcherAssert.java:20)
	at org.hamcrest.MatcherAssert.assertThat(MatcherAssert.java:6)
	at tests.user.GetTests.GetUserTestMethod2(GetTests.java:73)
	at java.base/java.util.ArrayList.forEach(ArrayList.java:1597)
... Removed 25 stack frames</div></td></tr></table><p class="totop"><a href="#summary">back to summary</a></p>
<h3 id="m24">tests.user.GetTests#GetUserTestMethod5</h3><table class="result"><tr class="param"><th>Parameter #1</th><th>Parameter #2</th><th>Parameter #3</th><th>Parameter #4</th><th>Parameter #5</th><th>Parameter #6</th><th>Parameter #7</th><th>Parameter #8</th></tr><tr class="param stripe"><td>1024</td><td>testuser4</td><td>test4</td><td>user4</td><td>test4.user4@gmail.com</td><td>user1Pass4</td><td>2211554469</td><td>1</td></tr><tr><th colspan="8">Exception</th></tr><tr><td colspan="8"><div class="stacktrace">java.lang.IllegalArgumentException: Schema to use cannot be null
	at io.restassured.module.jsv.JsonSchemaValidator.validateSchemaIsNotNull(JsonSchemaValidator.java:270)
	at io.restassured.module.jsv.JsonSchemaValidator.access$300(JsonSchemaValidator.java:75)
	at io.restassured.module.jsv.JsonSchemaValidator$JsonSchemaValidatorFactory.create(JsonSchemaValidator.java:281)
	at io.restassured.module.jsv.JsonSchemaValidator.matchesJsonSchema(JsonSchemaValidator.java:166)
	at io.restassured.module.jsv.JsonSchemaValidator.matchesJsonSchemaInClasspath(JsonSchemaValidator.java:117)
	at tests.user.GetTests.GetUserTestMethod5(GetTests.java:146)
	at java.base/java.util.ArrayList.forEach(ArrayList.java:1597)
... Removed 25 stack frames</div></td></tr></table><p class="totop"><a href="#summary">back to summary</a></p>
<h3 id="m25">tests.user.GetTests#GetUserTestMethod5</h3><table class="result"><tr class="param"><th>Parameter #1</th><th>Parameter #2</th><th>Parameter #3</th><th>Parameter #4</th><th>Parameter #5</th><th>Parameter #6</th><th>Parameter #7</th><th>Parameter #8</th></tr><tr class="param stripe"><td>1023</td><td>testuser3</td><td>test3</td><td>user3</td><td>test3.user3@gmail.com</td><td>user1Pass3</td><td>2211554468</td><td>0</td></tr><tr><th colspan="8">Exception</th></tr><tr><td colspan="8"><div class="stacktrace">java.lang.IllegalArgumentException: Schema to use cannot be null
	at io.restassured.module.jsv.JsonSchemaValidator.validateSchemaIsNotNull(JsonSchemaValidator.java:270)
	at io.restassured.module.jsv.JsonSchemaValidator.access$300(JsonSchemaValidator.java:75)
	at io.restassured.module.jsv.JsonSchemaValidator$JsonSchemaValidatorFactory.create(JsonSchemaValidator.java:281)
	at io.restassured.module.jsv.JsonSchemaValidator.matchesJsonSchema(JsonSchemaValidator.java:166)
	at io.restassured.module.jsv.JsonSchemaValidator.matchesJsonSchemaInClasspath(JsonSchemaValidator.java:117)
	at tests.user.GetTests.GetUserTestMethod5(GetTests.java:146)
	at java.base/java.util.ArrayList.forEach(ArrayList.java:1597)
... Removed 25 stack frames</div></td></tr></table><p class="totop"><a href="#summary">back to summary</a></p>
<h3 id="m26">tests.user.GetTests#GetUserTestMethod5</h3><table class="result"><tr class="param"><th>Parameter #1</th><th>Parameter #2</th><th>Parameter #3</th><th>Parameter #4</th><th>Parameter #5</th><th>Parameter #6</th><th>Parameter #7</th><th>Parameter #8</th></tr><tr class="param stripe"><td>1022</td><td>testuser2</td><td>test2</td><td>user2</td><td>test2.user2@gmail.com</td><td>user1Pass2</td><td>2211554467</td><td>1</td></tr><tr><th colspan="8">Exception</th></tr><tr><td colspan="8"><div class="stacktrace">java.lang.IllegalArgumentException: Schema to use cannot be null
	at io.restassured.module.jsv.JsonSchemaValidator.validateSchemaIsNotNull(JsonSchemaValidator.java:270)
	at io.restassured.module.jsv.JsonSchemaValidator.access$300(JsonSchemaValidator.java:75)
	at io.restassured.module.jsv.JsonSchemaValidator$JsonSchemaValidatorFactory.create(JsonSchemaValidator.java:281)
	at io.restassured.module.jsv.JsonSchemaValidator.matchesJsonSchema(JsonSchemaValidator.java:166)
	at io.restassured.module.jsv.JsonSchemaValidator.matchesJsonSchemaInClasspath(JsonSchemaValidator.java:117)
	at tests.user.GetTests.GetUserTestMethod5(GetTests.java:146)
	at java.base/java.util.ArrayList.forEach(ArrayList.java:1597)
... Removed 25 stack frames</div></td></tr></table><p class="totop"><a href="#summary">back to summary</a></p>
<h3 id="m27">tests.user.GetTests#GetUserTestMethod5</h3><table class="result"><tr class="param"><th>Parameter #1</th><th>Parameter #2</th><th>Parameter #3</th><th>Parameter #4</th><th>Parameter #5</th><th>Parameter #6</th><th>Parameter #7</th><th>Parameter #8</th></tr><tr class="param stripe"><td>1021</td><td>testuser1</td><td>test1</td><td>user1</td><td>test1.user1@gmail.com</td><td>user1Pass1</td><td>2211554466</td><td>0</td></tr><tr><th colspan="8">Exception</th></tr><tr><td colspan="8"><div class="stacktrace">java.lang.IllegalArgumentException: Schema to use cannot be null
	at io.restassured.module.jsv.JsonSchemaValidator.validateSchemaIsNotNull(JsonSchemaValidator.java:270)
	at io.restassured.module.jsv.JsonSchemaValidator.access$300(JsonSchemaValidator.java:75)
	at io.restassured.module.jsv.JsonSchemaValidator$JsonSchemaValidatorFactory.create(JsonSchemaValidator.java:281)
	at io.restassured.module.jsv.JsonSchemaValidator.matchesJsonSchema(JsonSchemaValidator.java:166)
	at io.restassured.module.jsv.JsonSchemaValidator.matchesJsonSchemaInClasspath(JsonSchemaValidator.java:117)
	at tests.user.GetTests.GetUserTestMethod5(GetTests.java:146)
	at java.base/java.util.ArrayList.forEach(ArrayList.java:1597)
... Removed 25 stack frames</div></td></tr></table><p class="totop"><a href="#summary">back to summary</a></p>
<h3 id="m28">tests.user.GetTests#GetUserTestMethod6</h3><table class="result"><tr class="param"><th>Parameter #1</th><th>Parameter #2</th><th>Parameter #3</th><th>Parameter #4</th><th>Parameter #5</th><th>Parameter #6</th><th>Parameter #7</th><th>Parameter #8</th></tr><tr class="param stripe"><td>1021</td><td>testuser1</td><td>test1</td><td>user1</td><td>test1.user1@gmail.com</td><td>user1Pass1</td><td>2211554466</td><td>0</td></tr><tr><th colspan="8">Exception</th></tr><tr><td colspan="8"><div class="stacktrace">java.lang.AssertionError: 
Expected: is &lt;1021&gt;
     but: was null
	at org.hamcrest.MatcherAssert.assertThat(MatcherAssert.java:20)
	at org.hamcrest.MatcherAssert.assertThat(MatcherAssert.java:6)
	at tests.user.GetTests.GetUserTestMethod6(GetTests.java:169)
	at java.base/java.util.ArrayList.forEach(ArrayList.java:1597)
... Removed 25 stack frames</div></td></tr></table><p class="totop"><a href="#summary">back to summary</a></p>
<h3 id="m29">tests.user.GetTests#GetUserTestMethod6</h3><table class="result"><tr class="param"><th>Parameter #1</th><th>Parameter #2</th><th>Parameter #3</th><th>Parameter #4</th><th>Parameter #5</th><th>Parameter #6</th><th>Parameter #7</th><th>Parameter #8</th></tr><tr class="param stripe"><td>1022</td><td>testuser2</td><td>test2</td><td>user2</td><td>test2.user2@gmail.com</td><td>user1Pass2</td><td>2211554467</td><td>1</td></tr><tr><th colspan="8">Exception</th></tr><tr><td colspan="8"><div class="stacktrace">java.lang.AssertionError: 
Expected: is &lt;1022&gt;
     but: was null
	at org.hamcrest.MatcherAssert.assertThat(MatcherAssert.java:20)
	at org.hamcrest.MatcherAssert.assertThat(MatcherAssert.java:6)
	at tests.user.GetTests.GetUserTestMethod6(GetTests.java:169)
	at java.base/java.util.ArrayList.forEach(ArrayList.java:1597)
... Removed 25 stack frames</div></td></tr></table><p class="totop"><a href="#summary">back to summary</a></p>
<h3 id="m30">tests.user.GetTests#GetUserTestMethod6</h3><table class="result"><tr class="param"><th>Parameter #1</th><th>Parameter #2</th><th>Parameter #3</th><th>Parameter #4</th><th>Parameter #5</th><th>Parameter #6</th><th>Parameter #7</th><th>Parameter #8</th></tr><tr class="param stripe"><td>1024</td><td>testuser4</td><td>test4</td><td>user4</td><td>test4.user4@gmail.com</td><td>user1Pass4</td><td>2211554469</td><td>1</td></tr><tr><th colspan="8">Exception</th></tr><tr><td colspan="8"><div class="stacktrace">java.lang.AssertionError: 
Expected: is &lt;1024&gt;
     but: was null
	at org.hamcrest.MatcherAssert.assertThat(MatcherAssert.java:20)
	at org.hamcrest.MatcherAssert.assertThat(MatcherAssert.java:6)
	at tests.user.GetTests.GetUserTestMethod6(GetTests.java:169)
	at java.base/java.util.ArrayList.forEach(ArrayList.java:1597)
... Removed 25 stack frames</div></td></tr></table><p class="totop"><a href="#summary">back to summary</a></p>
<h3 id="m31">tests.user.GetTests#GetUserTestMethod6</h3><table class="result"><tr class="param"><th>Parameter #1</th><th>Parameter #2</th><th>Parameter #3</th><th>Parameter #4</th><th>Parameter #5</th><th>Parameter #6</th><th>Parameter #7</th><th>Parameter #8</th></tr><tr class="param stripe"><td>1023</td><td>testuser3</td><td>test3</td><td>user3</td><td>test3.user3@gmail.com</td><td>user1Pass3</td><td>2211554468</td><td>0</td></tr><tr><th colspan="8">Exception</th></tr><tr><td colspan="8"><div class="stacktrace">java.lang.AssertionError: 
Expected: is &lt;1023&gt;
     but: was null
	at org.hamcrest.MatcherAssert.assertThat(MatcherAssert.java:20)
	at org.hamcrest.MatcherAssert.assertThat(MatcherAssert.java:6)
	at tests.user.GetTests.GetUserTestMethod6(GetTests.java:169)
	at java.base/java.util.ArrayList.forEach(ArrayList.java:1597)
... Removed 25 stack frames</div></td></tr></table><p class="totop"><a href="#summary">back to summary</a></p>
<h3 id="m32">tests.user.PostTests#PostUserTestMethod5</h3><table class="result"><tr class="param"><th>Parameter #1</th><th>Parameter #2</th><th>Parameter #3</th><th>Parameter #4</th><th>Parameter #5</th><th>Parameter #6</th><th>Parameter #7</th><th>Parameter #8</th></tr><tr class="param stripe"><td>1023</td><td>testuser3</td><td>test3</td><td>user3</td><td>test3.user3@gmail.com</td><td>user1Pass3</td><td>2211554468</td><td>0</td></tr><tr><th colspan="8">Exception</th></tr><tr><td colspan="8"><div class="stacktrace">java.lang.IllegalArgumentException: Schema to use cannot be null
	at io.restassured.module.jsv.JsonSchemaValidator.validateSchemaIsNotNull(JsonSchemaValidator.java:270)
	at io.restassured.module.jsv.JsonSchemaValidator.access$300(JsonSchemaValidator.java:75)
	at io.restassured.module.jsv.JsonSchemaValidator$JsonSchemaValidatorFactory.create(JsonSchemaValidator.java:281)
	at io.restassured.module.jsv.JsonSchemaValidator.matchesJsonSchema(JsonSchemaValidator.java:166)
	at io.restassured.module.jsv.JsonSchemaValidator.matchesJsonSchemaInClasspath(JsonSchemaValidator.java:117)
	at tests.user.PostTests.PostUserTestMethod5(PostTests.java:135)
	at java.base/java.util.ArrayList.forEach(ArrayList.java:1597)
... Removed 25 stack frames</div></td></tr></table><p class="totop"><a href="#summary">back to summary</a></p>
<h3 id="m33">tests.user.PostTests#PostUserTestMethod5</h3><table class="result"><tr class="param"><th>Parameter #1</th><th>Parameter #2</th><th>Parameter #3</th><th>Parameter #4</th><th>Parameter #5</th><th>Parameter #6</th><th>Parameter #7</th><th>Parameter #8</th></tr><tr class="param stripe"><td>1022</td><td>testuser2</td><td>test2</td><td>user2</td><td>test2.user2@gmail.com</td><td>user1Pass2</td><td>2211554467</td><td>1</td></tr><tr><th colspan="8">Exception</th></tr><tr><td colspan="8"><div class="stacktrace">java.lang.IllegalArgumentException: Schema to use cannot be null
	at io.restassured.module.jsv.JsonSchemaValidator.validateSchemaIsNotNull(JsonSchemaValidator.java:270)
	at io.restassured.module.jsv.JsonSchemaValidator.access$300(JsonSchemaValidator.java:75)
	at io.restassured.module.jsv.JsonSchemaValidator$JsonSchemaValidatorFactory.create(JsonSchemaValidator.java:281)
	at io.restassured.module.jsv.JsonSchemaValidator.matchesJsonSchema(JsonSchemaValidator.java:166)
	at io.restassured.module.jsv.JsonSchemaValidator.matchesJsonSchemaInClasspath(JsonSchemaValidator.java:117)
	at tests.user.PostTests.PostUserTestMethod5(PostTests.java:135)
	at java.base/java.util.ArrayList.forEach(ArrayList.java:1597)
... Removed 25 stack frames</div></td></tr></table><p class="totop"><a href="#summary">back to summary</a></p>
<h3 id="m34">tests.user.PostTests#PostUserTestMethod5</h3><table class="result"><tr class="param"><th>Parameter #1</th><th>Parameter #2</th><th>Parameter #3</th><th>Parameter #4</th><th>Parameter #5</th><th>Parameter #6</th><th>Parameter #7</th><th>Parameter #8</th></tr><tr class="param stripe"><td>1024</td><td>testuser4</td><td>test4</td><td>user4</td><td>test4.user4@gmail.com</td><td>user1Pass4</td><td>2211554469</td><td>1</td></tr><tr><th colspan="8">Exception</th></tr><tr><td colspan="8"><div class="stacktrace">java.lang.IllegalArgumentException: Schema to use cannot be null
	at io.restassured.module.jsv.JsonSchemaValidator.validateSchemaIsNotNull(JsonSchemaValidator.java:270)
	at io.restassured.module.jsv.JsonSchemaValidator.access$300(JsonSchemaValidator.java:75)
	at io.restassured.module.jsv.JsonSchemaValidator$JsonSchemaValidatorFactory.create(JsonSchemaValidator.java:281)
	at io.restassured.module.jsv.JsonSchemaValidator.matchesJsonSchema(JsonSchemaValidator.java:166)
	at io.restassured.module.jsv.JsonSchemaValidator.matchesJsonSchemaInClasspath(JsonSchemaValidator.java:117)
	at tests.user.PostTests.PostUserTestMethod5(PostTests.java:135)
	at java.base/java.util.ArrayList.forEach(ArrayList.java:1597)
... Removed 25 stack frames</div></td></tr></table><p class="totop"><a href="#summary">back to summary</a></p>
<h3 id="m35">tests.user.PostTests#PostUserTestMethod5</h3><table class="result"><tr class="param"><th>Parameter #1</th><th>Parameter #2</th><th>Parameter #3</th><th>Parameter #4</th><th>Parameter #5</th><th>Parameter #6</th><th>Parameter #7</th><th>Parameter #8</th></tr><tr class="param stripe"><td>1021</td><td>testuser1</td><td>test1</td><td>user1</td><td>test1.user1@gmail.com</td><td>user1Pass1</td><td>2211554466</td><td>0</td></tr><tr><th colspan="8">Exception</th></tr><tr><td colspan="8"><div class="stacktrace">java.lang.IllegalArgumentException: Schema to use cannot be null
	at io.restassured.module.jsv.JsonSchemaValidator.validateSchemaIsNotNull(JsonSchemaValidator.java:270)
	at io.restassured.module.jsv.JsonSchemaValidator.access$300(JsonSchemaValidator.java:75)
	at io.restassured.module.jsv.JsonSchemaValidator$JsonSchemaValidatorFactory.create(JsonSchemaValidator.java:281)
	at io.restassured.module.jsv.JsonSchemaValidator.matchesJsonSchema(JsonSchemaValidator.java:166)
	at io.restassured.module.jsv.JsonSchemaValidator.matchesJsonSchemaInClasspath(JsonSchemaValidator.java:117)
	at tests.user.PostTests.PostUserTestMethod5(PostTests.java:135)
	at java.base/java.util.ArrayList.forEach(ArrayList.java:1597)
... Removed 25 stack frames</div></td></tr></table><p class="totop"><a href="#summary">back to summary</a></p>
<h3 id="m36">tests.user.PostTests#PostUserTestMethod6</h3><table class="result"><tr class="param"><th>Parameter #1</th><th>Parameter #2</th><th>Parameter #3</th><th>Parameter #4</th><th>Parameter #5</th><th>Parameter #6</th><th>Parameter #7</th><th>Parameter #8</th></tr><tr class="param stripe"><td>1021</td><td>testuser1</td><td>test1</td><td>user1</td><td>test1.user1@gmail.com</td><td>user1Pass1</td><td>2211554466</td><td>0</td></tr><tr><th colspan="8">Exception</th></tr><tr><td colspan="8"><div class="stacktrace">java.lang.AssertionError: 
Expected: is a value greater than &lt;6&gt;
     but: &lt;4&gt; was less than &lt;6&gt;
	at org.hamcrest.MatcherAssert.assertThat(MatcherAssert.java:20)
	at org.hamcrest.MatcherAssert.assertThat(MatcherAssert.java:6)
	at tests.user.PostTests.PostUserTestMethod6(PostTests.java:160)
	at java.base/java.util.ArrayList.forEach(ArrayList.java:1597)
... Removed 25 stack frames</div></td></tr></table><p class="totop"><a href="#summary">back to summary</a></p>
<h3 id="m37">tests.user.PostTests#PostUserTestMethod6</h3><table class="result"><tr class="param"><th>Parameter #1</th><th>Parameter #2</th><th>Parameter #3</th><th>Parameter #4</th><th>Parameter #5</th><th>Parameter #6</th><th>Parameter #7</th><th>Parameter #8</th></tr><tr class="param stripe"><td>1023</td><td>testuser3</td><td>test3</td><td>user3</td><td>test3.user3@gmail.com</td><td>user1Pass3</td><td>2211554468</td><td>0</td></tr><tr><th colspan="8">Exception</th></tr><tr><td colspan="8"><div class="stacktrace">java.lang.AssertionError: 
Expected: is a value greater than &lt;6&gt;
     but: &lt;4&gt; was less than &lt;6&gt;
	at org.hamcrest.MatcherAssert.assertThat(MatcherAssert.java:20)
	at org.hamcrest.MatcherAssert.assertThat(MatcherAssert.java:6)
	at tests.user.PostTests.PostUserTestMethod6(PostTests.java:160)
	at java.base/java.util.ArrayList.forEach(ArrayList.java:1597)
... Removed 25 stack frames</div></td></tr></table><p class="totop"><a href="#summary">back to summary</a></p>
<h3 id="m38">tests.user.PostTests#PostUserTestMethod6</h3><table class="result"><tr class="param"><th>Parameter #1</th><th>Parameter #2</th><th>Parameter #3</th><th>Parameter #4</th><th>Parameter #5</th><th>Parameter #6</th><th>Parameter #7</th><th>Parameter #8</th></tr><tr class="param stripe"><td>1024</td><td>testuser4</td><td>test4</td><td>user4</td><td>test4.user4@gmail.com</td><td>user1Pass4</td><td>2211554469</td><td>1</td></tr><tr><th colspan="8">Exception</th></tr><tr><td colspan="8"><div class="stacktrace">java.lang.AssertionError: 
Expected: is a value greater than &lt;6&gt;
     but: &lt;4&gt; was less than &lt;6&gt;
	at org.hamcrest.MatcherAssert.assertThat(MatcherAssert.java:20)
	at org.hamcrest.MatcherAssert.assertThat(MatcherAssert.java:6)
	at tests.user.PostTests.PostUserTestMethod6(PostTests.java:160)
	at java.base/java.util.ArrayList.forEach(ArrayList.java:1597)
... Removed 25 stack frames</div></td></tr></table><p class="totop"><a href="#summary">back to summary</a></p>
<h3 id="m39">tests.user.PostTests#PostUserTestMethod6</h3><table class="result"><tr class="param"><th>Parameter #1</th><th>Parameter #2</th><th>Parameter #3</th><th>Parameter #4</th><th>Parameter #5</th><th>Parameter #6</th><th>Parameter #7</th><th>Parameter #8</th></tr><tr class="param stripe"><td>1022</td><td>testuser2</td><td>test2</td><td>user2</td><td>test2.user2@gmail.com</td><td>user1Pass2</td><td>2211554467</td><td>1</td></tr><tr><th colspan="8">Exception</th></tr><tr><td colspan="8"><div class="stacktrace">java.lang.AssertionError: 
Expected: is a value greater than &lt;6&gt;
     but: &lt;4&gt; was less than &lt;6&gt;
	at org.hamcrest.MatcherAssert.assertThat(MatcherAssert.java:20)
	at org.hamcrest.MatcherAssert.assertThat(MatcherAssert.java:6)
	at tests.user.PostTests.PostUserTestMethod6(PostTests.java:160)
	at java.base/java.util.ArrayList.forEach(ArrayList.java:1597)
... Removed 25 stack frames</div></td></tr></table><p class="totop"><a href="#summary">back to summary</a></p>
<h3 id="m40">tests.user.PutTests#PutUserTestMethod1</h3><table class="result"><tr class="param"><th>Parameter #1</th><th>Parameter #2</th><th>Parameter #3</th><th>Parameter #4</th><th>Parameter #5</th><th>Parameter #6</th><th>Parameter #7</th><th>Parameter #8</th></tr><tr class="param stripe"><td>1023</td><td>testuser3</td><td>test3</td><td>user3</td><td>test3.user3@gmail.com</td><td>user1Pass3</td><td>2211554468</td><td>0</td></tr><tr><th colspan="8">Exception</th></tr><tr><td colspan="8"><div class="stacktrace">java.lang.AssertionError: Assertion 1
	at org.hamcrest.MatcherAssert.assertThat(MatcherAssert.java:26)
	at tests.user.PutTests.PutUserTestMethod1(PutTests.java:57)
	at java.base/java.util.ArrayList.forEach(ArrayList.java:1597)
... Removed 25 stack frames</div></td></tr></table><p class="totop"><a href="#summary">back to summary</a></p>
<h3 id="m41">tests.user.PutTests#PutUserTestMethod1</h3><table class="result"><tr class="param"><th>Parameter #1</th><th>Parameter #2</th><th>Parameter #3</th><th>Parameter #4</th><th>Parameter #5</th><th>Parameter #6</th><th>Parameter #7</th><th>Parameter #8</th></tr><tr class="param stripe"><td>1022</td><td>testuser2</td><td>test2</td><td>user2</td><td>test2.user2@gmail.com</td><td>user1Pass2</td><td>2211554467</td><td>1</td></tr><tr><th colspan="8">Exception</th></tr><tr><td colspan="8"><div class="stacktrace">java.lang.AssertionError: Assertion 1
	at org.hamcrest.MatcherAssert.assertThat(MatcherAssert.java:26)
	at tests.user.PutTests.PutUserTestMethod1(PutTests.java:57)
	at java.base/java.util.ArrayList.forEach(ArrayList.java:1597)
... Removed 25 stack frames</div></td></tr></table><p class="totop"><a href="#summary">back to summary</a></p>
<h3 id="m42">tests.user.PutTests#PutUserTestMethod1</h3><table class="result"><tr class="param"><th>Parameter #1</th><th>Parameter #2</th><th>Parameter #3</th><th>Parameter #4</th><th>Parameter #5</th><th>Parameter #6</th><th>Parameter #7</th><th>Parameter #8</th></tr><tr class="param stripe"><td>1024</td><td>testuser4</td><td>test4</td><td>user4</td><td>test4.user4@gmail.com</td><td>user1Pass4</td><td>2211554469</td><td>1</td></tr><tr><th colspan="8">Exception</th></tr><tr><td colspan="8"><div class="stacktrace">java.lang.AssertionError: Assertion 1
	at org.hamcrest.MatcherAssert.assertThat(MatcherAssert.java:26)
	at tests.user.PutTests.PutUserTestMethod1(PutTests.java:57)
	at java.base/java.util.ArrayList.forEach(ArrayList.java:1597)
... Removed 25 stack frames</div></td></tr></table><p class="totop"><a href="#summary">back to summary</a></p>
<h3 id="m43">tests.user.PutTests#PutUserTestMethod1</h3><table class="result"><tr class="param"><th>Parameter #1</th><th>Parameter #2</th><th>Parameter #3</th><th>Parameter #4</th><th>Parameter #5</th><th>Parameter #6</th><th>Parameter #7</th><th>Parameter #8</th></tr><tr class="param stripe"><td>1021</td><td>testuser1</td><td>test1</td><td>user1</td><td>test1.user1@gmail.com</td><td>user1Pass1</td><td>2211554466</td><td>0</td></tr><tr><th colspan="8">Exception</th></tr><tr><td colspan="8"><div class="stacktrace">java.lang.AssertionError: Assertion 1
	at org.hamcrest.MatcherAssert.assertThat(MatcherAssert.java:26)
	at tests.user.PutTests.PutUserTestMethod1(PutTests.java:57)
	at java.base/java.util.ArrayList.forEach(ArrayList.java:1597)
... Removed 25 stack frames</div></td></tr></table><p class="totop"><a href="#summary">back to summary</a></p>
<h3 id="m44">tests.user.PutTests#PutUserTestMethod2</h3><table class="result"><tr class="param"><th>Parameter #1</th><th>Parameter #2</th><th>Parameter #3</th><th>Parameter #4</th><th>Parameter #5</th><th>Parameter #6</th><th>Parameter #7</th><th>Parameter #8</th></tr><tr class="param stripe"><td>1021</td><td>testuser1</td><td>test1</td><td>user1</td><td>test1.user1@gmail.com</td><td>user1Pass1</td><td>2211554466</td><td>0</td></tr><tr><th colspan="8">Exception</th></tr><tr><td colspan="8"><div class="stacktrace">java.lang.AssertionError: 
Expected: is &lt;200&gt;
     but: was &lt;404&gt;
	at org.hamcrest.MatcherAssert.assertThat(MatcherAssert.java:20)
	at org.hamcrest.MatcherAssert.assertThat(MatcherAssert.java:6)
	at tests.user.PutTests.PutUserTestMethod2(PutTests.java:84)
	at java.base/java.util.ArrayList.forEach(ArrayList.java:1597)
... Removed 25 stack frames</div></td></tr></table><p class="totop"><a href="#summary">back to summary</a></p>
<h3 id="m45">tests.user.PutTests#PutUserTestMethod2</h3><table class="result"><tr class="param"><th>Parameter #1</th><th>Parameter #2</th><th>Parameter #3</th><th>Parameter #4</th><th>Parameter #5</th><th>Parameter #6</th><th>Parameter #7</th><th>Parameter #8</th></tr><tr class="param stripe"><td>1023</td><td>testuser3</td><td>test3</td><td>user3</td><td>test3.user3@gmail.com</td><td>user1Pass3</td><td>2211554468</td><td>0</td></tr><tr><th colspan="8">Exception</th></tr><tr><td colspan="8"><div class="stacktrace">java.lang.AssertionError: 
Expected: is &lt;200&gt;
     but: was &lt;404&gt;
	at org.hamcrest.MatcherAssert.assertThat(MatcherAssert.java:20)
	at org.hamcrest.MatcherAssert.assertThat(MatcherAssert.java:6)
	at tests.user.PutTests.PutUserTestMethod2(PutTests.java:84)
	at java.base/java.util.ArrayList.forEach(ArrayList.java:1597)
... Removed 25 stack frames</div></td></tr></table><p class="totop"><a href="#summary">back to summary</a></p>
<h3 id="m46">tests.user.PutTests#PutUserTestMethod2</h3><table class="result"><tr class="param"><th>Parameter #1</th><th>Parameter #2</th><th>Parameter #3</th><th>Parameter #4</th><th>Parameter #5</th><th>Parameter #6</th><th>Parameter #7</th><th>Parameter #8</th></tr><tr class="param stripe"><td>1024</td><td>testuser4</td><td>test4</td><td>user4</td><td>test4.user4@gmail.com</td><td>user1Pass4</td><td>2211554469</td><td>1</td></tr><tr><th colspan="8">Exception</th></tr><tr><td colspan="8"><div class="stacktrace">java.lang.AssertionError: 
Expected: is &lt;200&gt;
     but: was &lt;404&gt;
	at org.hamcrest.MatcherAssert.assertThat(MatcherAssert.java:20)
	at org.hamcrest.MatcherAssert.assertThat(MatcherAssert.java:6)
	at tests.user.PutTests.PutUserTestMethod2(PutTests.java:84)
	at java.base/java.util.ArrayList.forEach(ArrayList.java:1597)
... Removed 25 stack frames</div></td></tr></table><p class="totop"><a href="#summary">back to summary</a></p>
<h3 id="m47">tests.user.PutTests#PutUserTestMethod2</h3><table class="result"><tr class="param"><th>Parameter #1</th><th>Parameter #2</th><th>Parameter #3</th><th>Parameter #4</th><th>Parameter #5</th><th>Parameter #6</th><th>Parameter #7</th><th>Parameter #8</th></tr><tr class="param stripe"><td>1022</td><td>testuser2</td><td>test2</td><td>user2</td><td>test2.user2@gmail.com</td><td>user1Pass2</td><td>2211554467</td><td>1</td></tr><tr><th colspan="8">Exception</th></tr><tr><td colspan="8"><div class="stacktrace">java.lang.AssertionError: 
Expected: is &lt;200&gt;
     but: was &lt;404&gt;
	at org.hamcrest.MatcherAssert.assertThat(MatcherAssert.java:20)
	at org.hamcrest.MatcherAssert.assertThat(MatcherAssert.java:6)
	at tests.user.PutTests.PutUserTestMethod2(PutTests.java:84)
	at java.base/java.util.ArrayList.forEach(ArrayList.java:1597)
... Removed 25 stack frames</div></td></tr></table><p class="totop"><a href="#summary">back to summary</a></p>
<h3 id="m48">tests.user.PutTests#PutUserTestMethod5</h3><table class="result"><tr class="param"><th>Parameter #1</th><th>Parameter #2</th><th>Parameter #3</th><th>Parameter #4</th><th>Parameter #5</th><th>Parameter #6</th><th>Parameter #7</th><th>Parameter #8</th></tr><tr class="param stripe"><td>1021</td><td>testuser1</td><td>test1</td><td>user1</td><td>test1.user1@gmail.com</td><td>user1Pass1</td><td>2211554466</td><td>0</td></tr><tr><th colspan="8">Exception</th></tr><tr><td colspan="8"><div class="stacktrace">java.lang.IllegalArgumentException: Schema to use cannot be null
	at io.restassured.module.jsv.JsonSchemaValidator.validateSchemaIsNotNull(JsonSchemaValidator.java:270)
	at io.restassured.module.jsv.JsonSchemaValidator.access$300(JsonSchemaValidator.java:75)
	at io.restassured.module.jsv.JsonSchemaValidator$JsonSchemaValidatorFactory.create(JsonSchemaValidator.java:281)
	at io.restassured.module.jsv.JsonSchemaValidator.matchesJsonSchema(JsonSchemaValidator.java:166)
	at io.restassured.module.jsv.JsonSchemaValidator.matchesJsonSchemaInClasspath(JsonSchemaValidator.java:117)
	at tests.user.PutTests.PutUserTestMethod5(PutTests.java:178)
	at java.base/java.util.ArrayList.forEach(ArrayList.java:1597)
... Removed 25 stack frames</div></td></tr></table><p class="totop"><a href="#summary">back to summary</a></p>
<h3 id="m49">tests.user.PutTests#PutUserTestMethod5</h3><table class="result"><tr class="param"><th>Parameter #1</th><th>Parameter #2</th><th>Parameter #3</th><th>Parameter #4</th><th>Parameter #5</th><th>Parameter #6</th><th>Parameter #7</th><th>Parameter #8</th></tr><tr class="param stripe"><td>1023</td><td>testuser3</td><td>test3</td><td>user3</td><td>test3.user3@gmail.com</td><td>user1Pass3</td><td>2211554468</td><td>0</td></tr><tr><th colspan="8">Exception</th></tr><tr><td colspan="8"><div class="stacktrace">java.lang.IllegalArgumentException: Schema to use cannot be null
	at io.restassured.module.jsv.JsonSchemaValidator.validateSchemaIsNotNull(JsonSchemaValidator.java:270)
	at io.restassured.module.jsv.JsonSchemaValidator.access$300(JsonSchemaValidator.java:75)
	at io.restassured.module.jsv.JsonSchemaValidator$JsonSchemaValidatorFactory.create(JsonSchemaValidator.java:281)
	at io.restassured.module.jsv.JsonSchemaValidator.matchesJsonSchema(JsonSchemaValidator.java:166)
	at io.restassured.module.jsv.JsonSchemaValidator.matchesJsonSchemaInClasspath(JsonSchemaValidator.java:117)
	at tests.user.PutTests.PutUserTestMethod5(PutTests.java:178)
	at java.base/java.util.ArrayList.forEach(ArrayList.java:1597)
... Removed 25 stack frames</div></td></tr></table><p class="totop"><a href="#summary">back to summary</a></p>
<h3 id="m50">tests.user.PutTests#PutUserTestMethod5</h3><table class="result"><tr class="param"><th>Parameter #1</th><th>Parameter #2</th><th>Parameter #3</th><th>Parameter #4</th><th>Parameter #5</th><th>Parameter #6</th><th>Parameter #7</th><th>Parameter #8</th></tr><tr class="param stripe"><td>1024</td><td>testuser4</td><td>test4</td><td>user4</td><td>test4.user4@gmail.com</td><td>user1Pass4</td><td>2211554469</td><td>1</td></tr><tr><th colspan="8">Exception</th></tr><tr><td colspan="8"><div class="stacktrace">java.lang.IllegalArgumentException: Schema to use cannot be null
	at io.restassured.module.jsv.JsonSchemaValidator.validateSchemaIsNotNull(JsonSchemaValidator.java:270)
	at io.restassured.module.jsv.JsonSchemaValidator.access$300(JsonSchemaValidator.java:75)
	at io.restassured.module.jsv.JsonSchemaValidator$JsonSchemaValidatorFactory.create(JsonSchemaValidator.java:281)
	at io.restassured.module.jsv.JsonSchemaValidator.matchesJsonSchema(JsonSchemaValidator.java:166)
	at io.restassured.module.jsv.JsonSchemaValidator.matchesJsonSchemaInClasspath(JsonSchemaValidator.java:117)
	at tests.user.PutTests.PutUserTestMethod5(PutTests.java:178)
	at java.base/java.util.ArrayList.forEach(ArrayList.java:1597)
... Removed 25 stack frames</div></td></tr></table><p class="totop"><a href="#summary">back to summary</a></p>
<h3 id="m51">tests.user.PutTests#PutUserTestMethod5</h3><table class="result"><tr class="param"><th>Parameter #1</th><th>Parameter #2</th><th>Parameter #3</th><th>Parameter #4</th><th>Parameter #5</th><th>Parameter #6</th><th>Parameter #7</th><th>Parameter #8</th></tr><tr class="param stripe"><td>1022</td><td>testuser2</td><td>test2</td><td>user2</td><td>test2.user2@gmail.com</td><td>user1Pass2</td><td>2211554467</td><td>1</td></tr><tr><th colspan="8">Exception</th></tr><tr><td colspan="8"><div class="stacktrace">java.lang.IllegalArgumentException: Schema to use cannot be null
	at io.restassured.module.jsv.JsonSchemaValidator.validateSchemaIsNotNull(JsonSchemaValidator.java:270)
	at io.restassured.module.jsv.JsonSchemaValidator.access$300(JsonSchemaValidator.java:75)
	at io.restassured.module.jsv.JsonSchemaValidator$JsonSchemaValidatorFactory.create(JsonSchemaValidator.java:281)
	at io.restassured.module.jsv.JsonSchemaValidator.matchesJsonSchema(JsonSchemaValidator.java:166)
	at io.restassured.module.jsv.JsonSchemaValidator.matchesJsonSchemaInClasspath(JsonSchemaValidator.java:117)
	at tests.user.PutTests.PutUserTestMethod5(PutTests.java:178)
	at java.base/java.util.ArrayList.forEach(ArrayList.java:1597)
... Removed 25 stack frames</div></td></tr></table><p class="totop"><a href="#summary">back to summary</a></p>
<h3 id="m52">tests.user.PutTests#PutUserTestMethod6</h3><table class="result"><tr class="param"><th>Parameter #1</th><th>Parameter #2</th><th>Parameter #3</th><th>Parameter #4</th><th>Parameter #5</th><th>Parameter #6</th><th>Parameter #7</th><th>Parameter #8</th></tr><tr class="param stripe"><td>1023</td><td>testuser3</td><td>test3</td><td>user3</td><td>test3.user3@gmail.com</td><td>user1Pass3</td><td>2211554468</td><td>0</td></tr><tr><th colspan="8">Exception</th></tr><tr><td colspan="8"><div class="stacktrace">java.lang.AssertionError: 
Expected: is &lt;200&gt;
     but: was &lt;404&gt;
	at org.hamcrest.MatcherAssert.assertThat(MatcherAssert.java:20)
	at org.hamcrest.MatcherAssert.assertThat(MatcherAssert.java:6)
	at tests.user.PutTests.PutUserTestMethod6(PutTests.java:208)
	at java.base/java.util.ArrayList.forEach(ArrayList.java:1597)
... Removed 25 stack frames</div></td></tr></table><p class="totop"><a href="#summary">back to summary</a></p>
<h3 id="m53">tests.user.PutTests#PutUserTestMethod6</h3><table class="result"><tr class="param"><th>Parameter #1</th><th>Parameter #2</th><th>Parameter #3</th><th>Parameter #4</th><th>Parameter #5</th><th>Parameter #6</th><th>Parameter #7</th><th>Parameter #8</th></tr><tr class="param stripe"><td>1021</td><td>testuser1</td><td>test1</td><td>user1</td><td>test1.user1@gmail.com</td><td>user1Pass1</td><td>2211554466</td><td>0</td></tr><tr><th colspan="8">Exception</th></tr><tr><td colspan="8"><div class="stacktrace">java.lang.AssertionError: 
Expected: is &lt;200&gt;
     but: was &lt;404&gt;
	at org.hamcrest.MatcherAssert.assertThat(MatcherAssert.java:20)
	at org.hamcrest.MatcherAssert.assertThat(MatcherAssert.java:6)
	at tests.user.PutTests.PutUserTestMethod6(PutTests.java:208)
	at java.base/java.util.ArrayList.forEach(ArrayList.java:1597)
... Removed 25 stack frames</div></td></tr></table><p class="totop"><a href="#summary">back to summary</a></p>
<h3 id="m54">tests.user.PutTests#PutUserTestMethod6</h3><table class="result"><tr class="param"><th>Parameter #1</th><th>Parameter #2</th><th>Parameter #3</th><th>Parameter #4</th><th>Parameter #5</th><th>Parameter #6</th><th>Parameter #7</th><th>Parameter #8</th></tr><tr class="param stripe"><td>1024</td><td>testuser4</td><td>test4</td><td>user4</td><td>test4.user4@gmail.com</td><td>user1Pass4</td><td>2211554469</td><td>1</td></tr><tr><th colspan="8">Exception</th></tr><tr><td colspan="8"><div class="stacktrace">java.lang.AssertionError: 
Expected: is &lt;200&gt;
     but: was &lt;404&gt;
	at org.hamcrest.MatcherAssert.assertThat(MatcherAssert.java:20)
	at org.hamcrest.MatcherAssert.assertThat(MatcherAssert.java:6)
	at tests.user.PutTests.PutUserTestMethod6(PutTests.java:208)
	at java.base/java.util.ArrayList.forEach(ArrayList.java:1597)
... Removed 25 stack frames</div></td></tr></table><p class="totop"><a href="#summary">back to summary</a></p>
<h3 id="m55">tests.user.PutTests#PutUserTestMethod6</h3><table class="result"><tr class="param"><th>Parameter #1</th><th>Parameter #2</th><th>Parameter #3</th><th>Parameter #4</th><th>Parameter #5</th><th>Parameter #6</th><th>Parameter #7</th><th>Parameter #8</th></tr><tr class="param stripe"><td>1022</td><td>testuser2</td><td>test2</td><td>user2</td><td>test2.user2@gmail.com</td><td>user1Pass2</td><td>2211554467</td><td>1</td></tr><tr><th colspan="8">Exception</th></tr><tr><td colspan="8"><div class="stacktrace">java.lang.AssertionError: 
Expected: is &lt;200&gt;
     but: was &lt;404&gt;
	at org.hamcrest.MatcherAssert.assertThat(MatcherAssert.java:20)
	at org.hamcrest.MatcherAssert.assertThat(MatcherAssert.java:6)
	at tests.user.PutTests.PutUserTestMethod6(PutTests.java:208)
	at java.base/java.util.ArrayList.forEach(ArrayList.java:1597)
... Removed 25 stack frames</div></td></tr></table><p class="totop"><a href="#summary">back to summary</a></p>
<h3 id="m56">tests.user.DeleteTests#DeleteUserTestMethod3</h3><table class="result"><tr class="param"><th>Parameter #1</th><th>Parameter #2</th><th>Parameter #3</th><th>Parameter #4</th><th>Parameter #5</th><th>Parameter #6</th><th>Parameter #7</th><th>Parameter #8</th></tr><tr class="param stripe"><td>1022</td><td>testuser2</td><td>test2</td><td>user2</td><td>test2.user2@gmail.com</td><td>user1Pass2</td><td>2211554467</td><td>1</td></tr></table><p class="totop"><a href="#summary">back to summary</a></p>
<h3 id="m57">tests.user.DeleteTests#DeleteUserTestMethod3</h3><table class="result"><tr class="param"><th>Parameter #1</th><th>Parameter #2</th><th>Parameter #3</th><th>Parameter #4</th><th>Parameter #5</th><th>Parameter #6</th><th>Parameter #7</th><th>Parameter #8</th></tr><tr class="param stripe"><td>1021</td><td>testuser1</td><td>test1</td><td>user1</td><td>test1.user1@gmail.com</td><td>user1Pass1</td><td>2211554466</td><td>0</td></tr></table><p class="totop"><a href="#summary">back to summary</a></p>
<h3 id="m58">tests.user.DeleteTests#DeleteUserTestMethod3</h3><table class="result"><tr class="param"><th>Parameter #1</th><th>Parameter #2</th><th>Parameter #3</th><th>Parameter #4</th><th>Parameter #5</th><th>Parameter #6</th><th>Parameter #7</th><th>Parameter #8</th></tr><tr class="param stripe"><td>1023</td><td>testuser3</td><td>test3</td><td>user3</td><td>test3.user3@gmail.com</td><td>user1Pass3</td><td>2211554468</td><td>0</td></tr></table><p class="totop"><a href="#summary">back to summary</a></p>
<h3 id="m59">tests.user.DeleteTests#DeleteUserTestMethod3</h3><table class="result"><tr class="param"><th>Parameter #1</th><th>Parameter #2</th><th>Parameter #3</th><th>Parameter #4</th><th>Parameter #5</th><th>Parameter #6</th><th>Parameter #7</th><th>Parameter #8</th></tr><tr class="param stripe"><td>1024</td><td>testuser4</td><td>test4</td><td>user4</td><td>test4.user4@gmail.com</td><td>user1Pass4</td><td>2211554469</td><td>1</td></tr></table><p class="totop"><a href="#summary">back to summary</a></p>
<h3 id="m60">tests.user.DeleteTests#DeleteUserTestMethod4</h3><table class="result"><tr class="param"><th>Parameter #1</th><th>Parameter #2</th><th>Parameter #3</th><th>Parameter #4</th><th>Parameter #5</th><th>Parameter #6</th><th>Parameter #7</th><th>Parameter #8</th></tr><tr class="param stripe"><td>1022</td><td>testuser2</td><td>test2</td><td>user2</td><td>test2.user2@gmail.com</td><td>user1Pass2</td><td>2211554467</td><td>1</td></tr></table><p class="totop"><a href="#summary">back to summary</a></p>
<h3 id="m61">tests.user.DeleteTests#DeleteUserTestMethod4</h3><table class="result"><tr class="param"><th>Parameter #1</th><th>Parameter #2</th><th>Parameter #3</th><th>Parameter #4</th><th>Parameter #5</th><th>Parameter #6</th><th>Parameter #7</th><th>Parameter #8</th></tr><tr class="param stripe"><td>1024</td><td>testuser4</td><td>test4</td><td>user4</td><td>test4.user4@gmail.com</td><td>user1Pass4</td><td>2211554469</td><td>1</td></tr></table><p class="totop"><a href="#summary">back to summary</a></p>
<h3 id="m62">tests.user.DeleteTests#DeleteUserTestMethod4</h3><table class="result"><tr class="param"><th>Parameter #1</th><th>Parameter #2</th><th>Parameter #3</th><th>Parameter #4</th><th>Parameter #5</th><th>Parameter #6</th><th>Parameter #7</th><th>Parameter #8</th></tr><tr class="param stripe"><td>1023</td><td>testuser3</td><td>test3</td><td>user3</td><td>test3.user3@gmail.com</td><td>user1Pass3</td><td>2211554468</td><td>0</td></tr></table><p class="totop"><a href="#summary">back to summary</a></p>
<h3 id="m63">tests.user.DeleteTests#DeleteUserTestMethod4</h3><table class="result"><tr class="param"><th>Parameter #1</th><th>Parameter #2</th><th>Parameter #3</th><th>Parameter #4</th><th>Parameter #5</th><th>Parameter #6</th><th>Parameter #7</th><th>Parameter #8</th></tr><tr class="param stripe"><td>1021</td><td>testuser1</td><td>test1</td><td>user1</td><td>test1.user1@gmail.com</td><td>user1Pass1</td><td>2211554466</td><td>0</td></tr></table><p class="totop"><a href="#summary">back to summary</a></p>
<h3 id="m64">tests.user.DeleteTests#DeleteUserTestMethod7</h3><table class="result"><tr class="param"><th>Parameter #1</th><th>Parameter #2</th><th>Parameter #3</th><th>Parameter #4</th><th>Parameter #5</th><th>Parameter #6</th><th>Parameter #7</th><th>Parameter #8</th></tr><tr class="param stripe"><td>1021</td><td>testuser1</td><td>test1</td><td>user1</td><td>test1.user1@gmail.com</td><td>user1Pass1</td><td>2211554466</td><td>0</td></tr></table><p class="totop"><a href="#summary">back to summary</a></p>
<h3 id="m65">tests.user.DeleteTests#DeleteUserTestMethod7</h3><table class="result"><tr class="param"><th>Parameter #1</th><th>Parameter #2</th><th>Parameter #3</th><th>Parameter #4</th><th>Parameter #5</th><th>Parameter #6</th><th>Parameter #7</th><th>Parameter #8</th></tr><tr class="param stripe"><td>1024</td><td>testuser4</td><td>test4</td><td>user4</td><td>test4.user4@gmail.com</td><td>user1Pass4</td><td>2211554469</td><td>1</td></tr></table><p class="totop"><a href="#summary">back to summary</a></p>
<h3 id="m66">tests.user.DeleteTests#DeleteUserTestMethod7</h3><table class="result"><tr class="param"><th>Parameter #1</th><th>Parameter #2</th><th>Parameter #3</th><th>Parameter #4</th><th>Parameter #5</th><th>Parameter #6</th><th>Parameter #7</th><th>Parameter #8</th></tr><tr class="param stripe"><td>1023</td><td>testuser3</td><td>test3</td><td>user3</td><td>test3.user3@gmail.com</td><td>user1Pass3</td><td>2211554468</td><td>0</td></tr></table><p class="totop"><a href="#summary">back to summary</a></p>
<h3 id="m67">tests.user.DeleteTests#DeleteUserTestMethod7</h3><table class="result"><tr class="param"><th>Parameter #1</th><th>Parameter #2</th><th>Parameter #3</th><th>Parameter #4</th><th>Parameter #5</th><th>Parameter #6</th><th>Parameter #7</th><th>Parameter #8</th></tr><tr class="param stripe"><td>1022</td><td>testuser2</td><td>test2</td><td>user2</td><td>test2.user2@gmail.com</td><td>user1Pass2</td><td>2211554467</td><td>1</td></tr></table><p class="totop"><a href="#summary">back to summary</a></p>
<h3 id="m68">tests.user.GetTests#GetUserTestMethod3</h3><table class="result"><tr class="param"><th>Parameter #1</th><th>Parameter #2</th><th>Parameter #3</th><th>Parameter #4</th><th>Parameter #5</th><th>Parameter #6</th><th>Parameter #7</th><th>Parameter #8</th></tr><tr class="param stripe"><td>1024</td><td>testuser4</td><td>test4</td><td>user4</td><td>test4.user4@gmail.com</td><td>user1Pass4</td><td>2211554469</td><td>1</td></tr></table><p class="totop"><a href="#summary">back to summary</a></p>
<h3 id="m69">tests.user.GetTests#GetUserTestMethod3</h3><table class="result"><tr class="param"><th>Parameter #1</th><th>Parameter #2</th><th>Parameter #3</th><th>Parameter #4</th><th>Parameter #5</th><th>Parameter #6</th><th>Parameter #7</th><th>Parameter #8</th></tr><tr class="param stripe"><td>1022</td><td>testuser2</td><td>test2</td><td>user2</td><td>test2.user2@gmail.com</td><td>user1Pass2</td><td>2211554467</td><td>1</td></tr></table><p class="totop"><a href="#summary">back to summary</a></p>
<h3 id="m70">tests.user.GetTests#GetUserTestMethod3</h3><table class="result"><tr class="param"><th>Parameter #1</th><th>Parameter #2</th><th>Parameter #3</th><th>Parameter #4</th><th>Parameter #5</th><th>Parameter #6</th><th>Parameter #7</th><th>Parameter #8</th></tr><tr class="param stripe"><td>1021</td><td>testuser1</td><td>test1</td><td>user1</td><td>test1.user1@gmail.com</td><td>user1Pass1</td><td>2211554466</td><td>0</td></tr></table><p class="totop"><a href="#summary">back to summary</a></p>
<h3 id="m71">tests.user.GetTests#GetUserTestMethod3</h3><table class="result"><tr class="param"><th>Parameter #1</th><th>Parameter #2</th><th>Parameter #3</th><th>Parameter #4</th><th>Parameter #5</th><th>Parameter #6</th><th>Parameter #7</th><th>Parameter #8</th></tr><tr class="param stripe"><td>1023</td><td>testuser3</td><td>test3</td><td>user3</td><td>test3.user3@gmail.com</td><td>user1Pass3</td><td>2211554468</td><td>0</td></tr></table><p class="totop"><a href="#summary">back to summary</a></p>
<h3 id="m72">tests.user.GetTests#GetUserTestMethod4</h3><table class="result"><tr class="param"><th>Parameter #1</th><th>Parameter #2</th><th>Parameter #3</th><th>Parameter #4</th><th>Parameter #5</th><th>Parameter #6</th><th>Parameter #7</th><th>Parameter #8</th></tr><tr class="param stripe"><td>1022</td><td>testuser2</td><td>test2</td><td>user2</td><td>test2.user2@gmail.com</td><td>user1Pass2</td><td>2211554467</td><td>1</td></tr></table><p class="totop"><a href="#summary">back to summary</a></p>
<h3 id="m73">tests.user.GetTests#GetUserTestMethod4</h3><table class="result"><tr class="param"><th>Parameter #1</th><th>Parameter #2</th><th>Parameter #3</th><th>Parameter #4</th><th>Parameter #5</th><th>Parameter #6</th><th>Parameter #7</th><th>Parameter #8</th></tr><tr class="param stripe"><td>1024</td><td>testuser4</td><td>test4</td><td>user4</td><td>test4.user4@gmail.com</td><td>user1Pass4</td><td>2211554469</td><td>1</td></tr></table><p class="totop"><a href="#summary">back to summary</a></p>
<h3 id="m74">tests.user.GetTests#GetUserTestMethod4</h3><table class="result"><tr class="param"><th>Parameter #1</th><th>Parameter #2</th><th>Parameter #3</th><th>Parameter #4</th><th>Parameter #5</th><th>Parameter #6</th><th>Parameter #7</th><th>Parameter #8</th></tr><tr class="param stripe"><td>1023</td><td>testuser3</td><td>test3</td><td>user3</td><td>test3.user3@gmail.com</td><td>user1Pass3</td><td>2211554468</td><td>0</td></tr></table><p class="totop"><a href="#summary">back to summary</a></p>
<h3 id="m75">tests.user.GetTests#GetUserTestMethod4</h3><table class="result"><tr class="param"><th>Parameter #1</th><th>Parameter #2</th><th>Parameter #3</th><th>Parameter #4</th><th>Parameter #5</th><th>Parameter #6</th><th>Parameter #7</th><th>Parameter #8</th></tr><tr class="param stripe"><td>1021</td><td>testuser1</td><td>test1</td><td>user1</td><td>test1.user1@gmail.com</td><td>user1Pass1</td><td>2211554466</td><td>0</td></tr></table><p class="totop"><a href="#summary">back to summary</a></p>
<h3 id="m76">tests.user.GetTests#GetUserTestMethod7</h3><table class="result"><tr class="param"><th>Parameter #1</th><th>Parameter #2</th><th>Parameter #3</th><th>Parameter #4</th><th>Parameter #5</th><th>Parameter #6</th><th>Parameter #7</th><th>Parameter #8</th></tr><tr class="param stripe"><td>1021</td><td>testuser1</td><td>test1</td><td>user1</td><td>test1.user1@gmail.com</td><td>user1Pass1</td><td>2211554466</td><td>0</td></tr></table><p class="totop"><a href="#summary">back to summary</a></p>
<h3 id="m77">tests.user.GetTests#GetUserTestMethod7</h3><table class="result"><tr class="param"><th>Parameter #1</th><th>Parameter #2</th><th>Parameter #3</th><th>Parameter #4</th><th>Parameter #5</th><th>Parameter #6</th><th>Parameter #7</th><th>Parameter #8</th></tr><tr class="param stripe"><td>1024</td><td>testuser4</td><td>test4</td><td>user4</td><td>test4.user4@gmail.com</td><td>user1Pass4</td><td>2211554469</td><td>1</td></tr></table><p class="totop"><a href="#summary">back to summary</a></p>
<h3 id="m78">tests.user.GetTests#GetUserTestMethod7</h3><table class="result"><tr class="param"><th>Parameter #1</th><th>Parameter #2</th><th>Parameter #3</th><th>Parameter #4</th><th>Parameter #5</th><th>Parameter #6</th><th>Parameter #7</th><th>Parameter #8</th></tr><tr class="param stripe"><td>1022</td><td>testuser2</td><td>test2</td><td>user2</td><td>test2.user2@gmail.com</td><td>user1Pass2</td><td>2211554467</td><td>1</td></tr></table><p class="totop"><a href="#summary">back to summary</a></p>
<h3 id="m79">tests.user.GetTests#GetUserTestMethod7</h3><table class="result"><tr class="param"><th>Parameter #1</th><th>Parameter #2</th><th>Parameter #3</th><th>Parameter #4</th><th>Parameter #5</th><th>Parameter #6</th><th>Parameter #7</th><th>Parameter #8</th></tr><tr class="param stripe"><td>1023</td><td>testuser3</td><td>test3</td><td>user3</td><td>test3.user3@gmail.com</td><td>user1Pass3</td><td>2211554468</td><td>0</td></tr></table><p class="totop"><a href="#summary">back to summary</a></p>
<h3 id="m80">tests.user.PostTests#PostUserTestMethod1</h3><table class="result"><tr class="param"><th>Parameter #1</th><th>Parameter #2</th><th>Parameter #3</th><th>Parameter #4</th><th>Parameter #5</th><th>Parameter #6</th><th>Parameter #7</th><th>Parameter #8</th></tr><tr class="param stripe"><td>1022</td><td>testuser2</td><td>test2</td><td>user2</td><td>test2.user2@gmail.com</td><td>user1Pass2</td><td>2211554467</td><td>1</td></tr></table><p class="totop"><a href="#summary">back to summary</a></p>
<h3 id="m81">tests.user.PostTests#PostUserTestMethod1</h3><table class="result"><tr class="param"><th>Parameter #1</th><th>Parameter #2</th><th>Parameter #3</th><th>Parameter #4</th><th>Parameter #5</th><th>Parameter #6</th><th>Parameter #7</th><th>Parameter #8</th></tr><tr class="param stripe"><td>1021</td><td>testuser1</td><td>test1</td><td>user1</td><td>test1.user1@gmail.com</td><td>user1Pass1</td><td>2211554466</td><td>0</td></tr></table><p class="totop"><a href="#summary">back to summary</a></p>
<h3 id="m82">tests.user.PostTests#PostUserTestMethod1</h3><table class="result"><tr class="param"><th>Parameter #1</th><th>Parameter #2</th><th>Parameter #3</th><th>Parameter #4</th><th>Parameter #5</th><th>Parameter #6</th><th>Parameter #7</th><th>Parameter #8</th></tr><tr class="param stripe"><td>1023</td><td>testuser3</td><td>test3</td><td>user3</td><td>test3.user3@gmail.com</td><td>user1Pass3</td><td>2211554468</td><td>0</td></tr></table><p class="totop"><a href="#summary">back to summary</a></p>
<h3 id="m83">tests.user.PostTests#PostUserTestMethod1</h3><table class="result"><tr class="param"><th>Parameter #1</th><th>Parameter #2</th><th>Parameter #3</th><th>Parameter #4</th><th>Parameter #5</th><th>Parameter #6</th><th>Parameter #7</th><th>Parameter #8</th></tr><tr class="param stripe"><td>1024</td><td>testuser4</td><td>test4</td><td>user4</td><td>test4.user4@gmail.com</td><td>user1Pass4</td><td>2211554469</td><td>1</td></tr></table><p class="totop"><a href="#summary">back to summary</a></p>
<h3 id="m84">tests.user.PostTests#PostUserTestMethod2</h3><table class="result"><tr class="param"><th>Parameter #1</th><th>Parameter #2</th><th>Parameter #3</th><th>Parameter #4</th><th>Parameter #5</th><th>Parameter #6</th><th>Parameter #7</th><th>Parameter #8</th></tr><tr class="param stripe"><td>1021</td><td>testuser1</td><td>test1</td><td>user1</td><td>test1.user1@gmail.com</td><td>user1Pass1</td><td>2211554466</td><td>0</td></tr></table><p class="totop"><a href="#summary">back to summary</a></p>
<h3 id="m85">tests.user.PostTests#PostUserTestMethod2</h3><table class="result"><tr class="param"><th>Parameter #1</th><th>Parameter #2</th><th>Parameter #3</th><th>Parameter #4</th><th>Parameter #5</th><th>Parameter #6</th><th>Parameter #7</th><th>Parameter #8</th></tr><tr class="param stripe"><td>1023</td><td>testuser3</td><td>test3</td><td>user3</td><td>test3.user3@gmail.com</td><td>user1Pass3</td><td>2211554468</td><td>0</td></tr></table><p class="totop"><a href="#summary">back to summary</a></p>
<h3 id="m86">tests.user.PostTests#PostUserTestMethod2</h3><table class="result"><tr class="param"><th>Parameter #1</th><th>Parameter #2</th><th>Parameter #3</th><th>Parameter #4</th><th>Parameter #5</th><th>Parameter #6</th><th>Parameter #7</th><th>Parameter #8</th></tr><tr class="param stripe"><td>1024</td><td>testuser4</td><td>test4</td><td>user4</td><td>test4.user4@gmail.com</td><td>user1Pass4</td><td>2211554469</td><td>1</td></tr></table><p class="totop"><a href="#summary">back to summary</a></p>
<h3 id="m87">tests.user.PostTests#PostUserTestMethod2</h3><table class="result"><tr class="param"><th>Parameter #1</th><th>Parameter #2</th><th>Parameter #3</th><th>Parameter #4</th><th>Parameter #5</th><th>Parameter #6</th><th>Parameter #7</th><th>Parameter #8</th></tr><tr class="param stripe"><td>1022</td><td>testuser2</td><td>test2</td><td>user2</td><td>test2.user2@gmail.com</td><td>user1Pass2</td><td>2211554467</td><td>1</td></tr></table><p class="totop"><a href="#summary">back to summary</a></p>
<h3 id="m88">tests.user.PostTests#PostUserTestMethod3</h3><table class="result"><tr class="param"><th>Parameter #1</th><th>Parameter #2</th><th>Parameter #3</th><th>Parameter #4</th><th>Parameter #5</th><th>Parameter #6</th><th>Parameter #7</th><th>Parameter #8</th></tr><tr class="param stripe"><td>1023</td><td>testuser3</td><td>test3</td><td>user3</td><td>test3.user3@gmail.com</td><td>user1Pass3</td><td>2211554468</td><td>0</td></tr></table><p class="totop"><a href="#summary">back to summary</a></p>
<h3 id="m89">tests.user.PostTests#PostUserTestMethod3</h3><table class="result"><tr class="param"><th>Parameter #1</th><th>Parameter #2</th><th>Parameter #3</th><th>Parameter #4</th><th>Parameter #5</th><th>Parameter #6</th><th>Parameter #7</th><th>Parameter #8</th></tr><tr class="param stripe"><td>1024</td><td>testuser4</td><td>test4</td><td>user4</td><td>test4.user4@gmail.com</td><td>user1Pass4</td><td>2211554469</td><td>1</td></tr></table><p class="totop"><a href="#summary">back to summary</a></p>
<h3 id="m90">tests.user.PostTests#PostUserTestMethod3</h3><table class="result"><tr class="param"><th>Parameter #1</th><th>Parameter #2</th><th>Parameter #3</th><th>Parameter #4</th><th>Parameter #5</th><th>Parameter #6</th><th>Parameter #7</th><th>Parameter #8</th></tr><tr class="param stripe"><td>1022</td><td>testuser2</td><td>test2</td><td>user2</td><td>test2.user2@gmail.com</td><td>user1Pass2</td><td>2211554467</td><td>1</td></tr></table><p class="totop"><a href="#summary">back to summary</a></p>
<h3 id="m91">tests.user.PostTests#PostUserTestMethod3</h3><table class="result"><tr class="param"><th>Parameter #1</th><th>Parameter #2</th><th>Parameter #3</th><th>Parameter #4</th><th>Parameter #5</th><th>Parameter #6</th><th>Parameter #7</th><th>Parameter #8</th></tr><tr class="param stripe"><td>1021</td><td>testuser1</td><td>test1</td><td>user1</td><td>test1.user1@gmail.com</td><td>user1Pass1</td><td>2211554466</td><td>0</td></tr></table><p class="totop"><a href="#summary">back to summary</a></p>
<h3 id="m92">tests.user.PostTests#PostUserTestMethod4</h3><table class="result"><tr class="param"><th>Parameter #1</th><th>Parameter #2</th><th>Parameter #3</th><th>Parameter #4</th><th>Parameter #5</th><th>Parameter #6</th><th>Parameter #7</th><th>Parameter #8</th></tr><tr class="param stripe"><td>1022</td><td>testuser2</td><td>test2</td><td>user2</td><td>test2.user2@gmail.com</td><td>user1Pass2</td><td>2211554467</td><td>1</td></tr></table><p class="totop"><a href="#summary">back to summary</a></p>
<h3 id="m93">tests.user.PostTests#PostUserTestMethod4</h3><table class="result"><tr class="param"><th>Parameter #1</th><th>Parameter #2</th><th>Parameter #3</th><th>Parameter #4</th><th>Parameter #5</th><th>Parameter #6</th><th>Parameter #7</th><th>Parameter #8</th></tr><tr class="param stripe"><td>1021</td><td>testuser1</td><td>test1</td><td>user1</td><td>test1.user1@gmail.com</td><td>user1Pass1</td><td>2211554466</td><td>0</td></tr></table><p class="totop"><a href="#summary">back to summary</a></p>
<h3 id="m94">tests.user.PostTests#PostUserTestMethod4</h3><table class="result"><tr class="param"><th>Parameter #1</th><th>Parameter #2</th><th>Parameter #3</th><th>Parameter #4</th><th>Parameter #5</th><th>Parameter #6</th><th>Parameter #7</th><th>Parameter #8</th></tr><tr class="param stripe"><td>1023</td><td>testuser3</td><td>test3</td><td>user3</td><td>test3.user3@gmail.com</td><td>user1Pass3</td><td>2211554468</td><td>0</td></tr></table><p class="totop"><a href="#summary">back to summary</a></p>
<h3 id="m95">tests.user.PostTests#PostUserTestMethod4</h3><table class="result"><tr class="param"><th>Parameter #1</th><th>Parameter #2</th><th>Parameter #3</th><th>Parameter #4</th><th>Parameter #5</th><th>Parameter #6</th><th>Parameter #7</th><th>Parameter #8</th></tr><tr class="param stripe"><td>1024</td><td>testuser4</td><td>test4</td><td>user4</td><td>test4.user4@gmail.com</td><td>user1Pass4</td><td>2211554469</td><td>1</td></tr></table><p class="totop"><a href="#summary">back to summary</a></p>
<h3 id="m96">tests.user.PostTests#PostUserTestMethod7</h3><table class="result"><tr class="param"><th>Parameter #1</th><th>Parameter #2</th><th>Parameter #3</th><th>Parameter #4</th><th>Parameter #5</th><th>Parameter #6</th><th>Parameter #7</th><th>Parameter #8</th></tr><tr class="param stripe"><td>1024</td><td>testuser4</td><td>test4</td><td>user4</td><td>test4.user4@gmail.com</td><td>user1Pass4</td><td>2211554469</td><td>1</td></tr></table><p class="totop"><a href="#summary">back to summary</a></p>
<h3 id="m97">tests.user.PostTests#PostUserTestMethod7</h3><table class="result"><tr class="param"><th>Parameter #1</th><th>Parameter #2</th><th>Parameter #3</th><th>Parameter #4</th><th>Parameter #5</th><th>Parameter #6</th><th>Parameter #7</th><th>Parameter #8</th></tr><tr class="param stripe"><td>1022</td><td>testuser2</td><td>test2</td><td>user2</td><td>test2.user2@gmail.com</td><td>user1Pass2</td><td>2211554467</td><td>1</td></tr></table><p class="totop"><a href="#summary">back to summary</a></p>
<h3 id="m98">tests.user.PostTests#PostUserTestMethod7</h3><table class="result"><tr class="param"><th>Parameter #1</th><th>Parameter #2</th><th>Parameter #3</th><th>Parameter #4</th><th>Parameter #5</th><th>Parameter #6</th><th>Parameter #7</th><th>Parameter #8</th></tr><tr class="param stripe"><td>1021</td><td>testuser1</td><td>test1</td><td>user1</td><td>test1.user1@gmail.com</td><td>user1Pass1</td><td>2211554466</td><td>0</td></tr></table><p class="totop"><a href="#summary">back to summary</a></p>
<h3 id="m99">tests.user.PostTests#PostUserTestMethod7</h3><table class="result"><tr class="param"><th>Parameter #1</th><th>Parameter #2</th><th>Parameter #3</th><th>Parameter #4</th><th>Parameter #5</th><th>Parameter #6</th><th>Parameter #7</th><th>Parameter #8</th></tr><tr class="param stripe"><td>1023</td><td>testuser3</td><td>test3</td><td>user3</td><td>test3.user3@gmail.com</td><td>user1Pass3</td><td>2211554468</td><td>0</td></tr></table><p class="totop"><a href="#summary">back to summary</a></p>
<h3 id="m100">tests.user.PutTests#PutUserTestMethod3</h3><table class="result"><tr class="param"><th>Parameter #1</th><th>Parameter #2</th><th>Parameter #3</th><th>Parameter #4</th><th>Parameter #5</th><th>Parameter #6</th><th>Parameter #7</th><th>Parameter #8</th></tr><tr class="param stripe"><td>1023</td><td>testuser3</td><td>test3</td><td>user3</td><td>test3.user3@gmail.com</td><td>user1Pass3</td><td>2211554468</td><td>0</td></tr></table><p class="totop"><a href="#summary">back to summary</a></p>
<h3 id="m101">tests.user.PutTests#PutUserTestMethod3</h3><table class="result"><tr class="param"><th>Parameter #1</th><th>Parameter #2</th><th>Parameter #3</th><th>Parameter #4</th><th>Parameter #5</th><th>Parameter #6</th><th>Parameter #7</th><th>Parameter #8</th></tr><tr class="param stripe"><td>1024</td><td>testuser4</td><td>test4</td><td>user4</td><td>test4.user4@gmail.com</td><td>user1Pass4</td><td>2211554469</td><td>1</td></tr></table><p class="totop"><a href="#summary">back to summary</a></p>
<h3 id="m102">tests.user.PutTests#PutUserTestMethod3</h3><table class="result"><tr class="param"><th>Parameter #1</th><th>Parameter #2</th><th>Parameter #3</th><th>Parameter #4</th><th>Parameter #5</th><th>Parameter #6</th><th>Parameter #7</th><th>Parameter #8</th></tr><tr class="param stripe"><td>1022</td><td>testuser2</td><td>test2</td><td>user2</td><td>test2.user2@gmail.com</td><td>user1Pass2</td><td>2211554467</td><td>1</td></tr></table><p class="totop"><a href="#summary">back to summary</a></p>
<h3 id="m103">tests.user.PutTests#PutUserTestMethod3</h3><table class="result"><tr class="param"><th>Parameter #1</th><th>Parameter #2</th><th>Parameter #3</th><th>Parameter #4</th><th>Parameter #5</th><th>Parameter #6</th><th>Parameter #7</th><th>Parameter #8</th></tr><tr class="param stripe"><td>1021</td><td>testuser1</td><td>test1</td><td>user1</td><td>test1.user1@gmail.com</td><td>user1Pass1</td><td>2211554466</td><td>0</td></tr></table><p class="totop"><a href="#summary">back to summary</a></p>
<h3 id="m104">tests.user.PutTests#PutUserTestMethod4</h3><table class="result"><tr class="param"><th>Parameter #1</th><th>Parameter #2</th><th>Parameter #3</th><th>Parameter #4</th><th>Parameter #5</th><th>Parameter #6</th><th>Parameter #7</th><th>Parameter #8</th></tr><tr class="param stripe"><td>1022</td><td>testuser2</td><td>test2</td><td>user2</td><td>test2.user2@gmail.com</td><td>user1Pass2</td><td>2211554467</td><td>1</td></tr></table><p class="totop"><a href="#summary">back to summary</a></p>
<h3 id="m105">tests.user.PutTests#PutUserTestMethod4</h3><table class="result"><tr class="param"><th>Parameter #1</th><th>Parameter #2</th><th>Parameter #3</th><th>Parameter #4</th><th>Parameter #5</th><th>Parameter #6</th><th>Parameter #7</th><th>Parameter #8</th></tr><tr class="param stripe"><td>1024</td><td>testuser4</td><td>test4</td><td>user4</td><td>test4.user4@gmail.com</td><td>user1Pass4</td><td>2211554469</td><td>1</td></tr></table><p class="totop"><a href="#summary">back to summary</a></p>
<h3 id="m106">tests.user.PutTests#PutUserTestMethod4</h3><table class="result"><tr class="param"><th>Parameter #1</th><th>Parameter #2</th><th>Parameter #3</th><th>Parameter #4</th><th>Parameter #5</th><th>Parameter #6</th><th>Parameter #7</th><th>Parameter #8</th></tr><tr class="param stripe"><td>1023</td><td>testuser3</td><td>test3</td><td>user3</td><td>test3.user3@gmail.com</td><td>user1Pass3</td><td>2211554468</td><td>0</td></tr></table><p class="totop"><a href="#summary">back to summary</a></p>
<h3 id="m107">tests.user.PutTests#PutUserTestMethod4</h3><table class="result"><tr class="param"><th>Parameter #1</th><th>Parameter #2</th><th>Parameter #3</th><th>Parameter #4</th><th>Parameter #5</th><th>Parameter #6</th><th>Parameter #7</th><th>Parameter #8</th></tr><tr class="param stripe"><td>1021</td><td>testuser1</td><td>test1</td><td>user1</td><td>test1.user1@gmail.com</td><td>user1Pass1</td><td>2211554466</td><td>0</td></tr></table><p class="totop"><a href="#summary">back to summary</a></p>
<h3 id="m108">tests.user.PutTests#PutUserTestMethod7</h3><table class="result"><tr class="param"><th>Parameter #1</th><th>Parameter #2</th><th>Parameter #3</th><th>Parameter #4</th><th>Parameter #5</th><th>Parameter #6</th><th>Parameter #7</th><th>Parameter #8</th></tr><tr class="param stripe"><td>1022</td><td>testuser2</td><td>test2</td><td>user2</td><td>test2.user2@gmail.com</td><td>user1Pass2</td><td>2211554467</td><td>1</td></tr></table><p class="totop"><a href="#summary">back to summary</a></p>
<h3 id="m109">tests.user.PutTests#PutUserTestMethod7</h3><table class="result"><tr class="param"><th>Parameter #1</th><th>Parameter #2</th><th>Parameter #3</th><th>Parameter #4</th><th>Parameter #5</th><th>Parameter #6</th><th>Parameter #7</th><th>Parameter #8</th></tr><tr class="param stripe"><td>1023</td><td>testuser3</td><td>test3</td><td>user3</td><td>test3.user3@gmail.com</td><td>user1Pass3</td><td>2211554468</td><td>0</td></tr></table><p class="totop"><a href="#summary">back to summary</a></p>
<h3 id="m110">tests.user.PutTests#PutUserTestMethod7</h3><table class="result"><tr class="param"><th>Parameter #1</th><th>Parameter #2</th><th>Parameter #3</th><th>Parameter #4</th><th>Parameter #5</th><th>Parameter #6</th><th>Parameter #7</th><th>Parameter #8</th></tr><tr class="param stripe"><td>1024</td><td>testuser4</td><td>test4</td><td>user4</td><td>test4.user4@gmail.com</td><td>user1Pass4</td><td>2211554469</td><td>1</td></tr></table><p class="totop"><a href="#summary">back to summary</a></p>
<h3 id="m111">tests.user.PutTests#PutUserTestMethod7</h3><table class="result"><tr class="param"><th>Parameter #1</th><th>Parameter #2</th><th>Parameter #3</th><th>Parameter #4</th><th>Parameter #5</th><th>Parameter #6</th><th>Parameter #7</th><th>Parameter #8</th></tr><tr class="param stripe"><td>1021</td><td>testuser1</td><td>test1</td><td>user1</td><td>test1.user1@gmail.com</td><td>user1Pass1</td><td>2211554466</td><td>0</td></tr></table><p class="totop"><a href="#summary">back to summary</a></p>
</body>
</html>
